{"/home/travis/build/npmtest/node-npmtest-anyfs/test.js":{"path":"/home/travis/build/npmtest/node-npmtest-anyfs/test.js","s":{"1":2,"2":2,"3":2,"4":2,"5":2,"6":2,"7":2,"8":1,"9":2,"10":2,"11":1,"12":1,"13":1,"14":1,"15":2,"16":2,"17":2,"18":2,"19":1,"20":1,"21":2,"22":2,"23":2,"24":1,"25":1,"26":1,"27":1,"28":1,"29":1,"30":1,"31":1,"32":1,"33":1,"34":1,"35":1,"36":1,"37":1,"38":1,"39":2,"40":2,"41":1,"42":2,"43":2,"44":1,"45":2,"46":2,"47":1,"48":2,"49":2,"50":1,"51":1,"52":1,"53":1,"54":1},"b":{"1":[2,1,1,1],"2":[1,1,1,1],"3":[1,1],"4":[1,1],"5":[1,1],"6":[1,1],"7":[1,1],"8":[1,1],"9":[1,1],"10":[1,1,1],"11":[1,1],"12":[1,1],"13":[1,1],"14":[1,1],"15":[1,1],"16":[1,1],"17":[1,1]},"f":{"1":2,"2":2,"3":2,"4":2,"5":2,"6":1,"7":1,"8":1,"9":2,"10":2,"11":2,"12":2,"13":1},"fnMap":{"1":{"name":"(anonymous_1)","line":12,"loc":{"start":{"line":12,"column":1},"end":{"line":12,"column":13}}},"2":{"name":"(anonymous_2)","line":19,"loc":{"start":{"line":19,"column":5},"end":{"line":19,"column":17}}},"3":{"name":"(anonymous_3)","line":23,"loc":{"start":{"line":23,"column":24},"end":{"line":23,"column":36}}},"4":{"name":"(anonymous_4)","line":61,"loc":{"start":{"line":61,"column":5},"end":{"line":61,"column":17}}},"5":{"name":"(anonymous_5)","line":82,"loc":{"start":{"line":82,"column":5},"end":{"line":82,"column":17}}},"6":{"name":"(anonymous_6)","line":91,"loc":{"start":{"line":91,"column":77},"end":{"line":94,"column":10}}},"7":{"name":"(anonymous_7)","line":112,"loc":{"start":{"line":112,"column":83},"end":{"line":115,"column":10}},"skip":true},"8":{"name":"(anonymous_8)","line":123,"loc":{"start":{"line":123,"column":77},"end":{"line":126,"column":10}},"skip":true},"9":{"name":"(anonymous_9)","line":139,"loc":{"start":{"line":139,"column":12},"end":{"line":139,"column":40}},"skip":true},"10":{"name":"(anonymous_10)","line":147,"loc":{"start":{"line":147,"column":77},"end":{"line":150,"column":10}},"skip":true},"11":{"name":"(anonymous_11)","line":158,"loc":{"start":{"line":158,"column":83},"end":{"line":161,"column":10}},"skip":true},"12":{"name":"(anonymous_12)","line":169,"loc":{"start":{"line":169,"column":79},"end":{"line":172,"column":10}},"skip":true},"13":{"name":"(anonymous_13)","line":180,"loc":{"start":{"line":180,"column":75},"end":{"line":183,"column":10}},"skip":true}},"statementMap":{"1":{"start":{"line":12,"column":0},"end":{"line":195,"column":5}},"2":{"start":{"line":14,"column":4},"end":{"line":14,"column":14}},"3":{"start":{"line":19,"column":4},"end":{"line":56,"column":9}},"4":{"start":{"line":21,"column":8},"end":{"line":21,"column":19}},"5":{"start":{"line":23,"column":8},"end":{"line":35,"column":13}},"6":{"start":{"line":24,"column":12},"end":{"line":34,"column":13}},"7":{"start":{"line":25,"column":16},"end":{"line":28,"column":30}},"8":{"start":{"line":30,"column":16},"end":{"line":33,"column":27}},"9":{"start":{"line":37,"column":8},"end":{"line":39,"column":21}},"10":{"start":{"line":40,"column":8},"end":{"line":53,"column":9}},"11":{"start":{"line":43,"column":12},"end":{"line":46,"column":14}},"12":{"start":{"line":47,"column":12},"end":{"line":47,"column":18}},"13":{"start":{"line":50,"column":12},"end":{"line":51,"column":33}},"14":{"start":{"line":52,"column":12},"end":{"line":52,"column":18}},"15":{"start":{"line":55,"column":8},"end":{"line":55,"column":35}},"16":{"start":{"line":61,"column":4},"end":{"line":63,"column":9}},"17":{"start":{"line":62,"column":8},"end":{"line":62,"column":15}},"18":{"start":{"line":64,"column":4},"end":{"line":77,"column":5}},"19":{"start":{"line":70,"column":8},"end":{"line":70,"column":14}},"20":{"start":{"line":76,"column":8},"end":{"line":76,"column":14}},"21":{"start":{"line":82,"column":4},"end":{"line":84,"column":9}},"22":{"start":{"line":83,"column":8},"end":{"line":83,"column":15}},"23":{"start":{"line":85,"column":4},"end":{"line":194,"column":5}},"24":{"start":{"line":91,"column":8},"end":{"line":99,"column":10}},"25":{"start":{"line":98,"column":12},"end":{"line":98,"column":35}},"26":{"start":{"line":102,"column":8},"end":{"line":104,"column":63}},"27":{"start":{"line":105,"column":8},"end":{"line":105,"column":14}},"28":{"start":{"line":112,"column":8},"end":{"line":121,"column":10},"skip":true},"29":{"start":{"line":119,"column":12},"end":{"line":119,"column":55},"skip":true},"30":{"start":{"line":120,"column":12},"end":{"line":120,"column":48},"skip":true},"31":{"start":{"line":123,"column":8},"end":{"line":136,"column":10},"skip":true},"32":{"start":{"line":130,"column":12},"end":{"line":130,"column":76},"skip":true},"33":{"start":{"line":131,"column":12},"end":{"line":131,"column":73},"skip":true},"34":{"start":{"line":132,"column":12},"end":{"line":132,"column":74},"skip":true},"35":{"start":{"line":133,"column":12},"end":{"line":133,"column":79},"skip":true},"36":{"start":{"line":134,"column":12},"end":{"line":134,"column":25},"skip":true},"37":{"start":{"line":135,"column":12},"end":{"line":135,"column":45},"skip":true},"38":{"start":{"line":138,"column":8},"end":{"line":145,"column":14},"skip":true},"39":{"start":{"line":143,"column":16},"end":{"line":143,"column":29},"skip":true},"40":{"start":{"line":144,"column":16},"end":{"line":144,"column":55},"skip":true},"41":{"start":{"line":147,"column":8},"end":{"line":156,"column":10},"skip":true},"42":{"start":{"line":154,"column":12},"end":{"line":154,"column":25},"skip":true},"43":{"start":{"line":155,"column":12},"end":{"line":155,"column":45},"skip":true},"44":{"start":{"line":158,"column":8},"end":{"line":167,"column":10},"skip":true},"45":{"start":{"line":165,"column":12},"end":{"line":165,"column":25},"skip":true},"46":{"start":{"line":166,"column":12},"end":{"line":166,"column":48},"skip":true},"47":{"start":{"line":169,"column":8},"end":{"line":178,"column":10},"skip":true},"48":{"start":{"line":176,"column":12},"end":{"line":176,"column":25},"skip":true},"49":{"start":{"line":177,"column":12},"end":{"line":177,"column":46},"skip":true},"50":{"start":{"line":180,"column":8},"end":{"line":189,"column":10},"skip":true},"51":{"start":{"line":187,"column":12},"end":{"line":187,"column":94},"skip":true},"52":{"start":{"line":188,"column":12},"end":{"line":188,"column":48},"skip":true},"53":{"start":{"line":192,"column":8},"end":{"line":192,"column":35},"skip":true},"54":{"start":{"line":193,"column":8},"end":{"line":193,"column":14},"skip":true}},"branchMap":{"1":{"line":25,"type":"binary-expr","locations":[{"start":{"line":25,"column":23},"end":{"line":25,"column":62}},{"start":{"line":26,"column":20},"end":{"line":26,"column":70}},{"start":{"line":27,"column":20},"end":{"line":27,"column":71}},{"start":{"line":28,"column":20},"end":{"line":28,"column":29}}]},"2":{"line":30,"type":"binary-expr","locations":[{"start":{"line":30,"column":23},"end":{"line":30,"column":37}},{"start":{"line":31,"column":20},"end":{"line":31,"column":61}},{"start":{"line":32,"column":20},"end":{"line":32,"column":70}},{"start":{"line":33,"column":20},"end":{"line":33,"column":26}}]},"3":{"line":37,"type":"cond-expr","locations":[{"start":{"line":38,"column":14},"end":{"line":38,"column":20}},{"start":{"line":39,"column":14},"end":{"line":39,"column":20}}]},"4":{"line":40,"type":"switch","locations":[{"start":{"line":42,"column":8},"end":{"line":47,"column":18}},{"start":{"line":49,"column":8},"end":{"line":52,"column":18}}]},"5":{"line":44,"type":"binary-expr","locations":[{"start":{"line":44,"column":16},"end":{"line":44,"column":44}},{"start":{"line":44,"column":48},"end":{"line":44,"column":66}}]},"6":{"line":50,"type":"binary-expr","locations":[{"start":{"line":50,"column":21},"end":{"line":50,"column":49}},{"start":{"line":50,"column":53},"end":{"line":50,"column":72}}]},"7":{"line":64,"type":"switch","locations":[{"start":{"line":69,"column":4},"end":{"line":70,"column":14}},{"start":{"line":75,"column":4},"end":{"line":76,"column":14}}]},"8":{"line":85,"type":"switch","locations":[{"start":{"line":90,"column":4},"end":{"line":105,"column":14}},{"start":{"line":111,"column":4},"end":{"line":193,"column":14},"skip":true}]},"9":{"line":91,"type":"binary-expr","locations":[{"start":{"line":91,"column":42},"end":{"line":91,"column":73}},{"start":{"line":91,"column":77},"end":{"line":99,"column":9}}]},"10":{"line":102,"type":"binary-expr","locations":[{"start":{"line":102,"column":18},"end":{"line":102,"column":32}},{"start":{"line":103,"column":12},"end":{"line":103,"column":53}},{"start":{"line":104,"column":12},"end":{"line":104,"column":61}}]},"11":{"line":112,"type":"binary-expr","locations":[{"start":{"line":112,"column":45},"end":{"line":112,"column":79},"skip":true},{"start":{"line":112,"column":83},"end":{"line":121,"column":9},"skip":true}]},"12":{"line":123,"type":"binary-expr","locations":[{"start":{"line":123,"column":42},"end":{"line":123,"column":73},"skip":true},{"start":{"line":123,"column":77},"end":{"line":136,"column":9},"skip":true}]},"13":{"line":138,"type":"binary-expr","locations":[{"start":{"line":138,"column":48},"end":{"line":138,"column":85},"skip":true},{"start":{"line":139,"column":12},"end":{"line":145,"column":13},"skip":true}]},"14":{"line":147,"type":"binary-expr","locations":[{"start":{"line":147,"column":42},"end":{"line":147,"column":73},"skip":true},{"start":{"line":147,"column":77},"end":{"line":156,"column":9},"skip":true}]},"15":{"line":158,"type":"binary-expr","locations":[{"start":{"line":158,"column":45},"end":{"line":158,"column":79},"skip":true},{"start":{"line":158,"column":83},"end":{"line":167,"column":9},"skip":true}]},"16":{"line":169,"type":"binary-expr","locations":[{"start":{"line":169,"column":43},"end":{"line":169,"column":75},"skip":true},{"start":{"line":169,"column":79},"end":{"line":178,"column":9},"skip":true}]},"17":{"line":180,"type":"binary-expr","locations":[{"start":{"line":180,"column":41},"end":{"line":180,"column":71},"skip":true},{"start":{"line":180,"column":75},"end":{"line":189,"column":9},"skip":true}]}},"code":["/* istanbul instrument in package npmtest_anyfs */","/*jslint","    bitwise: true,","    browser: true,","    maxerr: 8,","    maxlen: 96,","    node: true,","    nomen: true,","    regexp: true,","    stupid: true","*/","(function () {","    'use strict';","    var local;","","","","    // run shared js-env code - pre-init","    (function () {","        // init local","        local = {};","        // init modeJs","        local.modeJs = (function () {","            try {","                return typeof navigator.userAgent === 'string' &&","                    typeof document.querySelector('body') === 'object' &&","                    typeof XMLHttpRequest.prototype.open === 'function' &&","                    'browser';","            } catch (errorCaughtBrowser) {","                return module.exports &&","                    typeof process.versions.node === 'string' &&","                    typeof require('http').createServer === 'function' &&","                    'node';","            }","        }());","        // init global","        local.global = local.modeJs === 'browser'","            ? window","            : global;","        switch (local.modeJs) {","        // re-init local from window.local","        case 'browser':","            local = local.global.utility2.objectSetDefault(","                local.global.utility2_rollup || local.global.local,","                local.global.utility2","            );","            break;","        // re-init local from example.js","        case 'node':","            local = (local.global.utility2_rollup || require('utility2'))","                .requireReadme();","            break;","        }","        // export local","        local.global.local = local;","    }());","","","","    // run shared js-env code - function","    (function () {","        return;","    }());","    switch (local.modeJs) {","","","","    // run browser js-env code - function","    case 'browser':","        break;","","","","    // run node js-env code - function","    case 'node':","        break;","    }","","","","    // run shared js-env code - post-init","    (function () {","        return;","    }());","    switch (local.modeJs) {","","","","    // run browser js-env code - post-init","    case 'browser':","        local.testCase_browser_nullCase = local.testCase_browser_nullCase || function (","            options,","            onError","        ) {","        /*","         * this function will test browsers's null-case handling-behavior-behavior","         */","            onError(null, options);","        };","","        // run tests","        local.nop(local.modeTest &&","            document.querySelector('#testRunButton1') &&","            document.querySelector('#testRunButton1').click());","        break;","","","","    // run node js-env code - post-init","    /* istanbul ignore next */","    case 'node':","        local.testCase_buildApidoc_default = local.testCase_buildApidoc_default || function (","            options,","            onError","        ) {","        /*","         * this function will test buildApidoc's default handling-behavior-behavior","         */","            options = { modulePathList: module.paths };","            local.buildApidoc(options, onError);","        };","","        local.testCase_buildApp_default = local.testCase_buildApp_default || function (","            options,","            onError","        ) {","        /*","         * this function will test buildApp's default handling-behavior-behavior","         */","            local.testCase_buildReadme_default(options, local.onErrorThrow);","            local.testCase_buildLib_default(options, local.onErrorThrow);","            local.testCase_buildTest_default(options, local.onErrorThrow);","            local.testCase_buildCustomOrg_default(options, local.onErrorThrow);","            options = [];","            local.buildApp(options, onError);","        };","","        local.testCase_buildCustomOrg_default = local.testCase_buildCustomOrg_default ||","            function (options, onError) {","            /*","             * this function will test buildCustomOrg's default handling-behavior","             */","                options = {};","                local.buildCustomOrg(options, onError);","            };","","        local.testCase_buildLib_default = local.testCase_buildLib_default || function (","            options,","            onError","        ) {","        /*","         * this function will test buildLib's default handling-behavior","         */","            options = {};","            local.buildLib(options, onError);","        };","","        local.testCase_buildReadme_default = local.testCase_buildReadme_default || function (","            options,","            onError","        ) {","        /*","         * this function will test buildReadme's default handling-behavior-behavior","         */","            options = {};","            local.buildReadme(options, onError);","        };","","        local.testCase_buildTest_default = local.testCase_buildTest_default || function (","            options,","            onError","        ) {","        /*","         * this function will test buildTest's default handling-behavior","         */","            options = {};","            local.buildTest(options, onError);","        };","","        local.testCase_webpage_default = local.testCase_webpage_default || function (","            options,","            onError","        ) {","        /*","         * this function will test webpage's default handling-behavior","         */","            options = { modeCoverageMerge: true, url: local.serverLocalHost + '?modeTest=1' };","            local.browserTest(options, onError);","        };","","        // run test-server","        local.testRunServer(local);","        break;","    }","}());",""],"l":{"12":2,"14":2,"19":2,"21":2,"23":2,"24":2,"25":2,"30":1,"37":2,"40":2,"43":1,"47":1,"50":1,"52":1,"55":2,"61":2,"62":2,"64":2,"70":1,"76":1,"82":2,"83":2,"85":2,"91":1,"98":1,"102":1,"105":1,"112":1,"119":1,"120":1,"123":1,"130":1,"131":1,"132":1,"133":1,"134":1,"135":1,"138":1,"143":2,"144":2,"147":1,"154":2,"155":2,"158":1,"165":2,"166":2,"169":1,"176":2,"177":2,"180":1,"187":1,"188":1,"192":1,"193":1}},"/home/travis/build/npmtest/node-npmtest-anyfs/lib.npmtest_anyfs.js":{"path":"/home/travis/build/npmtest/node-npmtest-anyfs/lib.npmtest_anyfs.js","s":{"1":2,"2":2,"3":2,"4":2,"5":2,"6":2,"7":2,"8":1,"9":2,"10":2,"11":2,"12":2,"13":1,"14":1,"15":1,"16":1},"b":{"1":[2,1,1,1],"2":[1,1,1,1],"3":[1,1],"4":[2,2],"5":[1,1]},"f":{"1":2,"2":2,"3":2},"fnMap":{"1":{"name":"(anonymous_1)","line":12,"loc":{"start":{"line":12,"column":1},"end":{"line":12,"column":13}}},"2":{"name":"(anonymous_2)","line":19,"loc":{"start":{"line":19,"column":5},"end":{"line":19,"column":17}}},"3":{"name":"(anonymous_3)","line":23,"loc":{"start":{"line":23,"column":24},"end":{"line":23,"column":36}}}},"statementMap":{"1":{"start":{"line":12,"column":0},"end":{"line":53,"column":5}},"2":{"start":{"line":14,"column":4},"end":{"line":14,"column":14}},"3":{"start":{"line":19,"column":4},"end":{"line":52,"column":9}},"4":{"start":{"line":21,"column":8},"end":{"line":21,"column":19}},"5":{"start":{"line":23,"column":8},"end":{"line":35,"column":13}},"6":{"start":{"line":24,"column":12},"end":{"line":34,"column":13}},"7":{"start":{"line":25,"column":16},"end":{"line":28,"column":30}},"8":{"start":{"line":30,"column":16},"end":{"line":33,"column":27}},"9":{"start":{"line":37,"column":8},"end":{"line":39,"column":21}},"10":{"start":{"line":41,"column":8},"end":{"line":41,"column":54}},"11":{"start":{"line":43,"column":8},"end":{"line":43,"column":50}},"12":{"start":{"line":45,"column":8},"end":{"line":51,"column":9}},"13":{"start":{"line":46,"column":12},"end":{"line":46,"column":56}},"14":{"start":{"line":48,"column":12},"end":{"line":48,"column":35}},"15":{"start":{"line":49,"column":12},"end":{"line":49,"column":49}},"16":{"start":{"line":50,"column":12},"end":{"line":50,"column":43}}},"branchMap":{"1":{"line":25,"type":"binary-expr","locations":[{"start":{"line":25,"column":23},"end":{"line":25,"column":62}},{"start":{"line":26,"column":20},"end":{"line":26,"column":70}},{"start":{"line":27,"column":20},"end":{"line":27,"column":71}},{"start":{"line":28,"column":20},"end":{"line":28,"column":29}}]},"2":{"line":30,"type":"binary-expr","locations":[{"start":{"line":30,"column":23},"end":{"line":30,"column":37}},{"start":{"line":31,"column":20},"end":{"line":31,"column":61}},{"start":{"line":32,"column":20},"end":{"line":32,"column":70}},{"start":{"line":33,"column":20},"end":{"line":33,"column":26}}]},"3":{"line":37,"type":"cond-expr","locations":[{"start":{"line":38,"column":14},"end":{"line":38,"column":20}},{"start":{"line":39,"column":14},"end":{"line":39,"column":20}}]},"4":{"line":41,"type":"binary-expr","locations":[{"start":{"line":41,"column":16},"end":{"line":41,"column":44}},{"start":{"line":41,"column":48},"end":{"line":41,"column":53}}]},"5":{"line":45,"type":"if","locations":[{"start":{"line":45,"column":8},"end":{"line":45,"column":8}},{"start":{"line":45,"column":8},"end":{"line":45,"column":8}}]}},"code":["/* istanbul instrument in package npmtest_anyfs */","/*jslint","    bitwise: true,","    browser: true,","    maxerr: 8,","    maxlen: 96,","    node: true,","    nomen: true,","    regexp: true,","    stupid: true","*/","(function () {","    'use strict';","    var local;","","","","    // run shared js-env code - pre-init","    (function () {","        // init local","        local = {};","        // init modeJs","        local.modeJs = (function () {","            try {","                return typeof navigator.userAgent === 'string' &&","                    typeof document.querySelector('body') === 'object' &&","                    typeof XMLHttpRequest.prototype.open === 'function' &&","                    'browser';","            } catch (errorCaughtBrowser) {","                return module.exports &&","                    typeof process.versions.node === 'string' &&","                    typeof require('http').createServer === 'function' &&","                    'node';","            }","        }());","        // init global","        local.global = local.modeJs === 'browser'","            ? window","            : global;","        // init utility2_rollup","        local = local.global.utility2_rollup || local;","        // init lib","        local.local = local.npmtest_anyfs = local;","        // init exports","        if (local.modeJs === 'browser') {","            local.global.utility2_npmtest_anyfs = local;","        } else {","            module.exports = local;","            module.exports.__dirname = __dirname;","            module.exports.module = module;","        }","    }());","}());",""],"l":{"12":2,"14":2,"19":2,"21":2,"23":2,"24":2,"25":2,"30":1,"37":2,"41":2,"43":2,"45":2,"46":1,"48":1,"49":1,"50":1}},"/home/travis/build/npmtest/node-npmtest-anyfs/example.js":{"path":"/home/travis/build/npmtest/node-npmtest-anyfs/example.js","s":{"1":2,"2":2,"3":2,"4":2,"5":2,"6":2,"7":2,"8":1,"9":2,"10":2,"11":2,"12":2,"13":1,"14":2,"15":2,"16":2,"17":2,"18":2,"19":0,"20":2,"21":1,"22":1,"23":1,"24":1,"25":1,"26":0,"27":0,"28":1,"29":1,"30":2,"31":0,"32":0,"33":0,"34":1,"35":2,"36":2,"37":3,"38":3,"39":3,"40":3,"41":0,"42":3,"43":3,"44":3,"45":1,"46":3,"47":1,"48":1,"49":1,"50":1,"51":1,"52":1,"53":1,"54":1,"55":1,"56":1,"57":0,"58":1,"59":6,"60":6,"61":1,"62":2,"63":0,"64":2,"65":1,"66":1,"67":0,"68":0,"69":0,"70":0,"71":0,"72":0,"73":0,"74":0,"75":0,"76":0,"77":0,"78":0,"79":0,"80":0,"81":0,"82":0,"83":0},"b":{"1":[2,1,1,1],"2":[1,1,1,1],"3":[1,1],"4":[2,2],"5":[1,1],"6":[1,1],"7":[2,0],"8":[2,1,1,1,1,1],"9":[0,2,0],"10":[1,1],"11":[2,1,1],"12":[1,0],"13":[0,2],"14":[2,0,0,0,0,0,0],"15":[0,3],"16":[3,0],"17":[1,1],"18":[0,1],"19":[1,2,0,2],"20":[1,0],"21":[1,1],"22":[0,0],"23":[0,0],"24":[0,0],"25":[0,0],"26":[0,0],"27":[0,0],"28":[0,0]},"f":{"1":2,"2":2,"3":2,"4":2,"5":2,"6":2,"7":3,"8":3,"9":3,"10":1,"11":6,"12":0},"fnMap":{"1":{"name":"(anonymous_1)","line":26,"loc":{"start":{"line":26,"column":1},"end":{"line":26,"column":13}}},"2":{"name":"(anonymous_2)","line":33,"loc":{"start":{"line":33,"column":5},"end":{"line":33,"column":17}}},"3":{"name":"(anonymous_3)","line":37,"loc":{"start":{"line":37,"column":24},"end":{"line":37,"column":36}}},"4":{"name":"(anonymous_4)","line":69,"loc":{"start":{"line":69,"column":31},"end":{"line":69,"column":48}},"skip":true},"5":{"name":"(anonymous_5)","line":78,"loc":{"start":{"line":78,"column":26},"end":{"line":78,"column":45}},"skip":true},"6":{"name":"(anonymous_6)","line":123,"loc":{"start":{"line":123,"column":33},"end":{"line":123,"column":48}},"skip":true},"7":{"name":"(anonymous_7)","line":125,"loc":{"start":{"line":125,"column":27},"end":{"line":125,"column":39}},"skip":true},"8":{"name":"(anonymous_8)","line":133,"loc":{"start":{"line":133,"column":59},"end":{"line":133,"column":74}},"skip":true},"9":{"name":"(anonymous_9)","line":143,"loc":{"start":{"line":143,"column":45},"end":{"line":143,"column":62}},"skip":true},"10":{"name":"(anonymous_10)","line":144,"loc":{"start":{"line":144,"column":73},"end":{"line":144,"column":92}},"skip":true},"11":{"name":"(anonymous_11)","line":272,"loc":{"start":{"line":272,"column":51},"end":{"line":272,"column":77}},"skip":true},"12":{"name":"(anonymous_12)","line":315,"loc":{"start":{"line":315,"column":32},"end":{"line":315,"column":61}},"skip":true}},"statementMap":{"1":{"start":{"line":26,"column":0},"end":{"line":326,"column":5}},"2":{"start":{"line":28,"column":4},"end":{"line":28,"column":14}},"3":{"start":{"line":33,"column":4},"end":{"line":60,"column":9}},"4":{"start":{"line":35,"column":8},"end":{"line":35,"column":19}},"5":{"start":{"line":37,"column":8},"end":{"line":49,"column":13}},"6":{"start":{"line":38,"column":12},"end":{"line":48,"column":13}},"7":{"start":{"line":39,"column":16},"end":{"line":42,"column":30}},"8":{"start":{"line":44,"column":16},"end":{"line":47,"column":27}},"9":{"start":{"line":51,"column":8},"end":{"line":53,"column":21}},"10":{"start":{"line":55,"column":8},"end":{"line":57,"column":45}},"11":{"start":{"line":59,"column":8},"end":{"line":59,"column":35}},"12":{"start":{"line":61,"column":4},"end":{"line":325,"column":5}},"13":{"start":{"line":69,"column":8},"end":{"line":121,"column":10},"skip":true},"14":{"start":{"line":70,"column":12},"end":{"line":88,"column":13},"skip":true},"15":{"start":{"line":76,"column":16},"end":{"line":87,"column":19},"skip":true},"16":{"start":{"line":79,"column":20},"end":{"line":86,"column":21},"skip":true},"17":{"start":{"line":82,"column":24},"end":{"line":82,"column":43},"skip":true},"18":{"start":{"line":83,"column":24},"end":{"line":83,"column":30},"skip":true},"19":{"start":{"line":85,"column":24},"end":{"line":85,"column":49},"skip":true},"20":{"start":{"line":89,"column":12},"end":{"line":107,"column":13},"skip":true},"21":{"start":{"line":92,"column":16},"end":{"line":102,"column":17},"skip":true},"22":{"start":{"line":93,"column":20},"end":{"line":93,"column":86},"skip":true},"23":{"start":{"line":94,"column":20},"end":{"line":95,"column":45},"skip":true},"24":{"start":{"line":96,"column":20},"end":{"line":96,"column":42},"skip":true},"25":{"start":{"line":97,"column":20},"end":{"line":97,"column":48},"skip":true},"26":{"start":{"line":100,"column":20},"end":{"line":100,"column":85},"skip":true},"27":{"start":{"line":101,"column":20},"end":{"line":101,"column":96},"skip":true},"28":{"start":{"line":103,"column":16},"end":{"line":103,"column":22},"skip":true},"29":{"start":{"line":106,"column":16},"end":{"line":106,"column":22},"skip":true},"30":{"start":{"line":108,"column":12},"end":{"line":120,"column":13},"skip":true},"31":{"start":{"line":114,"column":16},"end":{"line":119,"column":17},"skip":true},"32":{"start":{"line":116,"column":20},"end":{"line":116,"column":78},"skip":true},"33":{"start":{"line":118,"column":20},"end":{"line":118,"column":47},"skip":true},"34":{"start":{"line":123,"column":8},"end":{"line":141,"column":11},"skip":true},"35":{"start":{"line":124,"column":12},"end":{"line":124,"column":54},"skip":true},"36":{"start":{"line":125,"column":12},"end":{"line":140,"column":14},"skip":true},"37":{"start":{"line":126,"column":16},"end":{"line":126,"column":28},"skip":true},"38":{"start":{"line":127,"column":16},"end":{"line":127,"column":69},"skip":true},"39":{"start":{"line":128,"column":16},"end":{"line":128,"column":75},"skip":true},"40":{"start":{"line":129,"column":16},"end":{"line":131,"column":17},"skip":true},"41":{"start":{"line":130,"column":20},"end":{"line":130,"column":27},"skip":true},"42":{"start":{"line":133,"column":16},"end":{"line":137,"column":36},"skip":true},"43":{"start":{"line":134,"column":20},"end":{"line":136,"column":55},"skip":true},"44":{"start":{"line":139,"column":16},"end":{"line":139,"column":57},"skip":true},"45":{"start":{"line":143,"column":8},"end":{"line":147,"column":11},"skip":true},"46":{"start":{"line":144,"column":12},"end":{"line":146,"column":15},"skip":true},"47":{"start":{"line":145,"column":16},"end":{"line":145,"column":70},"skip":true},"48":{"start":{"line":149,"column":8},"end":{"line":149,"column":31},"skip":true},"49":{"start":{"line":150,"column":8},"end":{"line":150,"column":14},"skip":true},"50":{"start":{"line":158,"column":8},"end":{"line":158,"column":31},"skip":true},"51":{"start":{"line":160,"column":8},"end":{"line":160,"column":33},"skip":true},"52":{"start":{"line":161,"column":8},"end":{"line":161,"column":37},"skip":true},"53":{"start":{"line":162,"column":8},"end":{"line":162,"column":35},"skip":true},"54":{"start":{"line":164,"column":8},"end":{"line":164,"column":50},"skip":true},"55":{"start":{"line":166,"column":8},"end":{"line":256,"column":2},"skip":true},"56":{"start":{"line":258,"column":8},"end":{"line":286,"column":9},"skip":true},"57":{"start":{"line":259,"column":12},"end":{"line":269,"column":14},"skip":true},"58":{"start":{"line":271,"column":12},"end":{"line":285,"column":19},"skip":true},"59":{"start":{"line":274,"column":20},"end":{"line":274,"column":35},"skip":true},"60":{"start":{"line":275,"column":20},"end":{"line":284,"column":21},"skip":true},"61":{"start":{"line":277,"column":24},"end":{"line":277,"column":64},"skip":true},"62":{"start":{"line":279,"column":24},"end":{"line":279,"column":40},"skip":true},"63":{"start":{"line":281,"column":24},"end":{"line":281,"column":40},"skip":true},"64":{"start":{"line":283,"column":24},"end":{"line":283,"column":39},"skip":true},"65":{"start":{"line":288,"column":8},"end":{"line":290,"column":9},"skip":true},"66":{"start":{"line":289,"column":12},"end":{"line":289,"column":18},"skip":true},"67":{"start":{"line":291,"column":8},"end":{"line":293,"column":54},"skip":true},"68":{"start":{"line":296,"column":8},"end":{"line":301,"column":37},"skip":true},"69":{"start":{"line":303,"column":8},"end":{"line":303,"column":82},"skip":true},"70":{"start":{"line":306,"column":8},"end":{"line":308,"column":9},"skip":true},"71":{"start":{"line":307,"column":12},"end":{"line":307,"column":82},"skip":true},"72":{"start":{"line":310,"column":8},"end":{"line":312,"column":9},"skip":true},"73":{"start":{"line":311,"column":12},"end":{"line":311,"column":18},"skip":true},"74":{"start":{"line":313,"column":8},"end":{"line":313,"column":54},"skip":true},"75":{"start":{"line":314,"column":8},"end":{"line":314,"column":69},"skip":true},"76":{"start":{"line":315,"column":8},"end":{"line":323,"column":36},"skip":true},"77":{"start":{"line":316,"column":12},"end":{"line":316,"column":61},"skip":true},"78":{"start":{"line":317,"column":12},"end":{"line":320,"column":13},"skip":true},"79":{"start":{"line":318,"column":16},"end":{"line":318,"column":75},"skip":true},"80":{"start":{"line":319,"column":16},"end":{"line":319,"column":23},"skip":true},"81":{"start":{"line":321,"column":12},"end":{"line":321,"column":38},"skip":true},"82":{"start":{"line":322,"column":12},"end":{"line":322,"column":27},"skip":true},"83":{"start":{"line":324,"column":8},"end":{"line":324,"column":14},"skip":true}},"branchMap":{"1":{"line":39,"type":"binary-expr","locations":[{"start":{"line":39,"column":23},"end":{"line":39,"column":62}},{"start":{"line":40,"column":20},"end":{"line":40,"column":70}},{"start":{"line":41,"column":20},"end":{"line":41,"column":71}},{"start":{"line":42,"column":20},"end":{"line":42,"column":29}}]},"2":{"line":44,"type":"binary-expr","locations":[{"start":{"line":44,"column":23},"end":{"line":44,"column":37}},{"start":{"line":45,"column":20},"end":{"line":45,"column":61}},{"start":{"line":46,"column":20},"end":{"line":46,"column":70}},{"start":{"line":47,"column":20},"end":{"line":47,"column":26}}]},"3":{"line":51,"type":"cond-expr","locations":[{"start":{"line":52,"column":14},"end":{"line":52,"column":20}},{"start":{"line":53,"column":14},"end":{"line":53,"column":20}}]},"4":{"line":55,"type":"binary-expr","locations":[{"start":{"line":55,"column":16},"end":{"line":55,"column":44}},{"start":{"line":55,"column":49},"end":{"line":57,"column":43}}]},"5":{"line":55,"type":"cond-expr","locations":[{"start":{"line":56,"column":14},"end":{"line":56,"column":49}},{"start":{"line":57,"column":14},"end":{"line":57,"column":43}}]},"6":{"line":61,"type":"switch","locations":[{"start":{"line":68,"column":4},"end":{"line":150,"column":14},"skip":true},{"start":{"line":156,"column":4},"end":{"line":324,"column":14},"skip":true}]},"7":{"line":70,"type":"if","locations":[{"start":{"line":70,"column":12},"end":{"line":70,"column":12},"skip":true},{"start":{"line":70,"column":12},"end":{"line":70,"column":12},"skip":true}]},"8":{"line":70,"type":"binary-expr","locations":[{"start":{"line":70,"column":16},"end":{"line":70,"column":22},"skip":true},{"start":{"line":70,"column":27},"end":{"line":70,"column":32},"skip":true},{"start":{"line":71,"column":20},"end":{"line":71,"column":39},"skip":true},{"start":{"line":72,"column":20},"end":{"line":72,"column":49},"skip":true},{"start":{"line":73,"column":20},"end":{"line":73,"column":58},"skip":true},{"start":{"line":74,"column":20},"end":{"line":74,"column":69},"skip":true}]},"9":{"line":79,"type":"switch","locations":[{"start":{"line":80,"column":20},"end":{"line":80,"column":33},"skip":true},{"start":{"line":81,"column":20},"end":{"line":83,"column":30},"skip":true},{"start":{"line":84,"column":20},"end":{"line":85,"column":49},"skip":true}]},"10":{"line":89,"type":"switch","locations":[{"start":{"line":90,"column":12},"end":{"line":103,"column":22},"skip":true},{"start":{"line":105,"column":12},"end":{"line":106,"column":22},"skip":true}]},"11":{"line":89,"type":"binary-expr","locations":[{"start":{"line":89,"column":20},"end":{"line":89,"column":25},"skip":true},{"start":{"line":89,"column":29},"end":{"line":89,"column":48},"skip":true},{"start":{"line":89,"column":52},"end":{"line":89,"column":74},"skip":true}]},"12":{"line":92,"type":"if","locations":[{"start":{"line":92,"column":16},"end":{"line":92,"column":16},"skip":true},{"start":{"line":92,"column":16},"end":{"line":92,"column":16},"skip":true}]},"13":{"line":108,"type":"if","locations":[{"start":{"line":108,"column":12},"end":{"line":108,"column":12},"skip":true},{"start":{"line":108,"column":12},"end":{"line":108,"column":12},"skip":true}]},"14":{"line":108,"type":"binary-expr","locations":[{"start":{"line":108,"column":16},"end":{"line":108,"column":61},"skip":true},{"start":{"line":108,"column":66},"end":{"line":108,"column":72},"skip":true},{"start":{"line":108,"column":77},"end":{"line":108,"column":82},"skip":true},{"start":{"line":109,"column":20},"end":{"line":109,"column":39},"skip":true},{"start":{"line":110,"column":20},"end":{"line":110,"column":49},"skip":true},{"start":{"line":111,"column":20},"end":{"line":111,"column":58},"skip":true},{"start":{"line":112,"column":20},"end":{"line":112,"column":68},"skip":true}]},"15":{"line":129,"type":"if","locations":[{"start":{"line":129,"column":16},"end":{"line":129,"column":16},"skip":true},{"start":{"line":129,"column":16},"end":{"line":129,"column":16},"skip":true}]},"16":{"line":134,"type":"cond-expr","locations":[{"start":{"line":135,"column":26},"end":{"line":135,"column":29},"skip":true},{"start":{"line":136,"column":26},"end":{"line":136,"column":54},"skip":true}]},"17":{"line":164,"type":"binary-expr","locations":[{"start":{"line":164,"column":27},"end":{"line":164,"column":43},"skip":true},{"start":{"line":164,"column":47},"end":{"line":164,"column":49},"skip":true}]},"18":{"line":258,"type":"if","locations":[{"start":{"line":258,"column":8},"end":{"line":258,"column":8},"skip":true},{"start":{"line":258,"column":8},"end":{"line":258,"column":8},"skip":true}]},"19":{"line":275,"type":"switch","locations":[{"start":{"line":276,"column":20},"end":{"line":277,"column":64},"skip":true},{"start":{"line":278,"column":20},"end":{"line":279,"column":40},"skip":true},{"start":{"line":280,"column":20},"end":{"line":281,"column":40},"skip":true},{"start":{"line":282,"column":20},"end":{"line":283,"column":39},"skip":true}]},"20":{"line":288,"type":"if","locations":[{"start":{"line":288,"column":8},"end":{"line":288,"column":8},"skip":true},{"start":{"line":288,"column":8},"end":{"line":288,"column":8},"skip":true}]},"21":{"line":288,"type":"binary-expr","locations":[{"start":{"line":288,"column":12},"end":{"line":288,"column":40},"skip":true},{"start":{"line":288,"column":44},"end":{"line":288,"column":67},"skip":true}]},"22":{"line":292,"type":"binary-expr","locations":[{"start":{"line":292,"column":12},"end":{"line":292,"column":50},"skip":true},{"start":{"line":293,"column":12},"end":{"line":293,"column":53},"skip":true}]},"23":{"line":297,"type":"binary-expr","locations":[{"start":{"line":297,"column":12},"end":{"line":297,"column":63},"skip":true},{"start":{"line":298,"column":12},"end":{"line":301,"column":36},"skip":true}]},"24":{"line":303,"type":"binary-expr","locations":[{"start":{"line":303,"column":43},"end":{"line":303,"column":75},"skip":true},{"start":{"line":303,"column":79},"end":{"line":303,"column":81},"skip":true}]},"25":{"line":306,"type":"if","locations":[{"start":{"line":306,"column":8},"end":{"line":306,"column":8},"skip":true},{"start":{"line":306,"column":8},"end":{"line":306,"column":8},"skip":true}]},"26":{"line":310,"type":"if","locations":[{"start":{"line":310,"column":8},"end":{"line":310,"column":8},"skip":true},{"start":{"line":310,"column":8},"end":{"line":310,"column":8},"skip":true}]},"27":{"line":313,"type":"binary-expr","locations":[{"start":{"line":313,"column":27},"end":{"line":313,"column":43},"skip":true},{"start":{"line":313,"column":47},"end":{"line":313,"column":53},"skip":true}]},"28":{"line":317,"type":"if","locations":[{"start":{"line":317,"column":12},"end":{"line":317,"column":12},"skip":true},{"start":{"line":317,"column":12},"end":{"line":317,"column":12},"skip":true}]}},"code":["/*","example.js","","quickstart example","","instruction","    1. save this script as example.js","    2. run the shell command:","        $ npm install npmtest-anyfs && PORT=8081 node example.js","    3. play with the browser-demo on http://127.0.0.1:8081","*/","","","","/* istanbul instrument in package npmtest_anyfs */","/*jslint","    bitwise: true,","    browser: true,","    maxerr: 8,","    maxlen: 96,","    node: true,","    nomen: true,","    regexp: true,","    stupid: true","*/","(function () {","    'use strict';","    var local;","","","","    // run shared js-env code - pre-init","    (function () {","        // init local","        local = {};","        // init modeJs","        local.modeJs = (function () {","            try {","                return typeof navigator.userAgent === 'string' &&","                    typeof document.querySelector('body') === 'object' &&","                    typeof XMLHttpRequest.prototype.open === 'function' &&","                    'browser';","            } catch (errorCaughtBrowser) {","                return module.exports &&","                    typeof process.versions.node === 'string' &&","                    typeof require('http').createServer === 'function' &&","                    'node';","            }","        }());","        // init global","        local.global = local.modeJs === 'browser'","            ? window","            : global;","        // init utility2_rollup","        local = local.global.utility2_rollup || (local.modeJs === 'browser'","            ? local.global.utility2_npmtest_anyfs","            : global.utility2_moduleExports);","        // export local","        local.global.local = local;","    }());","    switch (local.modeJs) {","","","","    // post-init","    // run browser js-env code - post-init","    /* istanbul ignore next */","    case 'browser':","        local.testRunBrowser = function (event) {","            if (!event || (event &&","                    event.currentTarget &&","                    event.currentTarget.className &&","                    event.currentTarget.className.includes &&","                    event.currentTarget.className.includes('onreset'))) {","                // reset output","                Array.from(","                    document.querySelectorAll('body > .resettable')","                ).forEach(function (element) {","                    switch (element.tagName) {","                    case 'INPUT':","                    case 'TEXTAREA':","                        element.value = '';","                        break;","                    default:","                        element.textContent = '';","                    }","                });","            }","            switch (event && event.currentTarget && event.currentTarget.id) {","            case 'testRunButton1':","                // show tests","                if (document.querySelector('#testReportDiv1').style.display === 'none') {","                    document.querySelector('#testReportDiv1').style.display = 'block';","                    document.querySelector('#testRunButton1').textContent =","                        'hide internal test';","                    local.modeTest = true;","                    local.testRunDefault(local);","                // hide tests","                } else {","                    document.querySelector('#testReportDiv1').style.display = 'none';","                    document.querySelector('#testRunButton1').textContent = 'run internal test';","                }","                break;","            // custom-case","            default:","                break;","            }","            if (document.querySelector('#inputTextareaEval1') && (!event || (event &&","                    event.currentTarget &&","                    event.currentTarget.className &&","                    event.currentTarget.className.includes &&","                    event.currentTarget.className.includes('oneval')))) {","                // try to eval input-code","                try {","                    /*jslint evil: true*/","                    eval(document.querySelector('#inputTextareaEval1').value);","                } catch (errorCaught) {","                    console.error(errorCaught);","                }","            }","        };","        // log stderr and stdout to #outputTextareaStdout1","        ['error', 'log'].forEach(function (key) {","            console[key + '_original'] = console[key];","            console[key] = function () {","                var element;","                console[key + '_original'].apply(console, arguments);","                element = document.querySelector('#outputTextareaStdout1');","                if (!element) {","                    return;","                }","                // append text to #outputTextareaStdout1","                element.value += Array.from(arguments).map(function (arg) {","                    return typeof arg === 'string'","                        ? arg","                        : JSON.stringify(arg, null, 4);","                }).join(' ') + '\\n';","                // scroll textarea to bottom","                element.scrollTop = element.scrollHeight;","            };","        });","        // init event-handling","        ['change', 'click', 'keyup'].forEach(function (event) {","            Array.from(document.querySelectorAll('.on' + event)).forEach(function (element) {","                element.addEventListener(event, local.testRunBrowser);","            });","        });","        // run tests","        local.testRunBrowser();","        break;","","","","    // run node js-env code - post-init","    /* istanbul ignore next */","    case 'node':","        // export local","        module.exports = local;","        // require modules","        local.fs = require('fs');","        local.http = require('http');","        local.url = require('url');","        // init assets","        local.assetsDict = local.assetsDict || {};","        /* jslint-ignore-begin */","        local.assetsDict['/assets.index.template.html'] = '\\","<!doctype html>\\n\\","<html lang=\"en\">\\n\\","<head>\\n\\","<meta charset=\"UTF-8\">\\n\\","<meta name=\"viewport\" content=\"width=device-width, initial-scale=1\">\\n\\","<title>{{env.npm_package_name}} (v{{env.npm_package_version}})</title>\\n\\","<style>\\n\\","/*csslint\\n\\","    box-sizing: false,\\n\\","    universal-selector: false\\n\\","*/\\n\\","* {\\n\\","    box-sizing: border-box;\\n\\","}\\n\\","body {\\n\\","    background: #dde;\\n\\","    font-family: Arial, Helvetica, sans-serif;\\n\\","    margin: 2rem;\\n\\","}\\n\\","body > * {\\n\\","    margin-bottom: 1rem;\\n\\","}\\n\\",".utility2FooterDiv {\\n\\","    margin-top: 20px;\\n\\","    text-align: center;\\n\\","}\\n\\","</style>\\n\\","<style>\\n\\","/*csslint\\n\\","*/\\n\\","textarea {\\n\\","    font-family: monospace;\\n\\","    height: 10rem;\\n\\","    width: 100%;\\n\\","}\\n\\","textarea[readonly] {\\n\\","    background: #ddd;\\n\\","}\\n\\","</style>\\n\\","</head>\\n\\","<body>\\n\\","<!-- utility2-comment\\n\\","<div id=\"ajaxProgressDiv1\" style=\"background: #d00; height: 2px; left: 0; margin: 0; padding: 0; position: fixed; top: 0; transition: background 0.5s, width 1.5s; width: 25%;\"></div>\\n\\","utility2-comment -->\\n\\","<h1>\\n\\","<!-- utility2-comment\\n\\","    <a\\n\\","        {{#if env.npm_package_homepage}}\\n\\","        href=\"{{env.npm_package_homepage}}\"\\n\\","        {{/if env.npm_package_homepage}}\\n\\","        target=\"_blank\"\\n\\","    >\\n\\","utility2-comment -->\\n\\","        {{env.npm_package_name}} (v{{env.npm_package_version}})\\n\\","<!-- utility2-comment\\n\\","    </a>\\n\\","utility2-comment -->\\n\\","</h1>\\n\\","<h3>{{env.npm_package_description}}</h3>\\n\\","<!-- utility2-comment\\n\\","<h4><a download href=\"assets.app.js\">download standalone app</a></h4>\\n\\","<button class=\"onclick onreset\" id=\"testRunButton1\">run internal test</button><br>\\n\\","<div id=\"testReportDiv1\" style=\"display: none;\"></div>\\n\\","utility2-comment -->\\n\\","\\n\\","\\n\\","\\n\\","<label>stderr and stdout</label>\\n\\","<textarea class=\"resettable\" id=\"outputTextareaStdout1\" readonly></textarea>\\n\\","<!-- utility2-comment\\n\\","{{#if isRollup}}\\n\\","<script src=\"assets.app.js\"></script>\\n\\","{{#unless isRollup}}\\n\\","utility2-comment -->\\n\\","<script src=\"assets.utility2.rollup.js\"></script>\\n\\","<script src=\"jsonp.utility2._stateInit?callback=window.utility2._stateInit\"></script>\\n\\","<script src=\"assets.npmtest_anyfs.rollup.js\"></script>\\n\\","<script src=\"assets.example.js\"></script>\\n\\","<script src=\"assets.test.js\"></script>\\n\\","<!-- utility2-comment\\n\\","{{/if isRollup}}\\n\\","utility2-comment -->\\n\\","<div class=\"utility2FooterDiv\">\\n\\","    [ this app was created with\\n\\","    <a href=\"https://github.com/kaizhu256/node-utility2\" target=\"_blank\">utility2</a>\\n\\","    ]\\n\\","</div>\\n\\","</body>\\n\\","</html>\\n\\","';","        /* jslint-ignore-end */","        if (local.templateRender) {","            local.assetsDict['/'] = local.templateRender(","                local.assetsDict['/assets.index.template.html'],","                {","                    env: local.objectSetDefault(local.env, {","                        npm_package_description: 'the greatest app in the world!',","                        npm_package_name: 'my-app',","                        npm_package_nameAlias: 'my_app',","                        npm_package_version: '0.0.1'","                    })","                }","            );","        } else {","            local.assetsDict['/'] = local.assetsDict['/assets.index.template.html']","                .replace((/\\{\\{env\\.(\\w+?)\\}\\}/g), function (match0, match1) {","                    // jslint-hack","                    String(match0);","                    switch (match1) {","                    case 'npm_package_description':","                        return 'the greatest app in the world!';","                    case 'npm_package_name':","                        return 'my-app';","                    case 'npm_package_nameAlias':","                        return 'my_app';","                    case 'npm_package_version':","                        return '0.0.1';","                    }","                });","        }","        // run the cli","        if (local.global.utility2_rollup || module !== require.main) {","            break;","        }","        local.assetsDict['/assets.example.js'] =","            local.assetsDict['/assets.example.js'] ||","            local.fs.readFileSync(__filename, 'utf8');","        // bug-workaround - long $npm_package_buildCustomOrg","        /* jslint-ignore-begin */","        local.assetsDict['/assets.npmtest_anyfs.rollup.js'] =","            local.assetsDict['/assets.npmtest_anyfs.rollup.js'] ||","            local.fs.readFileSync(","                local.npmtest_anyfs.__dirname + '/lib.npmtest_anyfs.js',","                'utf8'","            ).replace((/^#!/), '//');","        /* jslint-ignore-end */","        local.assetsDict['/favicon.ico'] = local.assetsDict['/favicon.ico'] || '';","        // if $npm_config_timeout_exit exists,","        // then exit this process after $npm_config_timeout_exit ms","        if (Number(process.env.npm_config_timeout_exit)) {","            setTimeout(process.exit, Number(process.env.npm_config_timeout_exit));","        }","        // start server","        if (local.global.utility2_serverHttp1) {","            break;","        }","        process.env.PORT = process.env.PORT || '8081';","        console.error('server starting on port ' + process.env.PORT);","        local.http.createServer(function (request, response) {","            request.urlParsed = local.url.parse(request.url);","            if (local.assetsDict[request.urlParsed.pathname] !== undefined) {","                response.end(local.assetsDict[request.urlParsed.pathname]);","                return;","            }","            response.statusCode = 404;","            response.end();","        }).listen(process.env.PORT);","        break;","    }","}());",""],"l":{"26":2,"28":2,"33":2,"35":2,"37":2,"38":2,"39":2,"44":1,"51":2,"55":2,"59":2,"61":2,"69":1,"70":2,"76":2,"79":2,"82":2,"83":2,"85":1,"89":2,"92":1,"93":1,"94":1,"96":1,"97":1,"100":1,"101":1,"103":1,"106":1,"108":2,"114":1,"116":1,"118":1,"123":1,"124":2,"125":2,"126":3,"127":3,"128":3,"129":3,"130":1,"133":3,"134":3,"139":3,"143":1,"144":3,"145":1,"149":1,"150":1,"158":1,"160":1,"161":1,"162":1,"164":1,"166":1,"258":1,"259":1,"271":1,"274":6,"275":6,"277":1,"279":2,"281":1,"283":2,"288":1,"289":1,"291":1,"296":1,"303":1,"306":1,"307":1,"310":1,"311":1,"313":1,"314":1,"315":1,"316":1,"317":1,"318":1,"319":1,"321":1,"322":1,"324":1}},"/home/travis/build/npmtest/node-npmtest-anyfs/node_modules/anyfs/index.js":{"path":"/home/travis/build/npmtest/node-npmtest-anyfs/node_modules/anyfs/index.js","s":{"1":1,"2":1,"3":1,"4":1},"b":{},"f":{},"fnMap":{},"statementMap":{"1":{"start":{"line":1,"column":0},"end":{"line":1,"column":35}},"2":{"start":{"line":2,"column":0},"end":{"line":2,"column":55}},"3":{"start":{"line":3,"column":0},"end":{"line":3,"column":35}},"4":{"start":{"line":5,"column":0},"end":{"line":5,"column":23}}},"branchMap":{},"code":["var AnyFS = require('./lib/anyfs');","AnyFS.MemoryAdapter = require('./lib/adapters/memory');","AnyFS.test = require('./lib/test');","","module.exports = AnyFS;"],"l":{"1":1,"2":1,"3":1,"5":1}},"/home/travis/build/npmtest/node-npmtest-anyfs/node_modules/anyfs/lib/anyfs.js":{"path":"/home/travis/build/npmtest/node-npmtest-anyfs/node_modules/anyfs/lib/anyfs.js","s":{"1":1,"2":1,"3":1,"4":1,"5":1,"6":1,"7":1,"8":0,"9":0,"10":0,"11":0,"12":0,"13":0,"14":0,"15":0,"16":0,"17":0,"18":0,"19":0,"20":0,"21":0,"22":1,"23":1,"24":1,"25":1,"26":0,"27":0,"28":1,"29":0,"30":1,"31":0,"32":0,"33":0,"34":0,"35":0,"36":0,"37":0,"38":0,"39":1,"40":0,"41":0,"42":0,"43":1,"44":0,"45":0,"46":0,"47":0,"48":0,"49":0,"50":0,"51":0,"52":0,"53":0,"54":0,"55":0,"56":0,"57":1},"b":{"1":[0,0],"2":[0,0],"3":[0,0],"4":[0,0],"5":[0,0],"6":[0,0],"7":[0,0],"8":[0,0],"9":[0,0],"10":[0,0],"11":[0,0],"12":[0,0]},"f":{"1":0,"2":1,"3":0,"4":0,"5":0,"6":0,"7":0,"8":0},"fnMap":{"1":{"name":"AnyFS","line":9,"loc":{"start":{"line":9,"column":0},"end":{"line":9,"column":33}}},"2":{"name":"(anonymous_2)","line":44,"loc":{"start":{"line":44,"column":18},"end":{"line":44,"column":35}}},"3":{"name":"(anonymous_3)","line":52,"loc":{"start":{"line":52,"column":28},"end":{"line":52,"column":45}}},"4":{"name":"(anonymous_4)","line":57,"loc":{"start":{"line":57,"column":29},"end":{"line":57,"column":40}}},"5":{"name":"(anonymous_5)","line":65,"loc":{"start":{"line":65,"column":26},"end":{"line":65,"column":37}}},"6":{"name":"(anonymous_6)","line":89,"loc":{"start":{"line":89,"column":24},"end":{"line":89,"column":48}}},"7":{"name":"(anonymous_7)","line":100,"loc":{"start":{"line":100,"column":27},"end":{"line":100,"column":38}}},"8":{"name":"(anonymous_8)","line":105,"loc":{"start":{"line":105,"column":13},"end":{"line":105,"column":26}}}},"statementMap":{"1":{"start":{"line":1,"column":0},"end":{"line":1,"column":27}},"2":{"start":{"line":2,"column":0},"end":{"line":2,"column":27}},"3":{"start":{"line":3,"column":0},"end":{"line":3,"column":27}},"4":{"start":{"line":4,"column":0},"end":{"line":4,"column":34}},"5":{"start":{"line":5,"column":0},"end":{"line":5,"column":44}},"6":{"start":{"line":7,"column":0},"end":{"line":7,"column":23}},"7":{"start":{"line":9,"column":0},"end":{"line":36,"column":1}},"8":{"start":{"line":10,"column":4},"end":{"line":10,"column":33}},"9":{"start":{"line":11,"column":4},"end":{"line":11,"column":47}},"10":{"start":{"line":12,"column":4},"end":{"line":12,"column":49}},"11":{"start":{"line":14,"column":4},"end":{"line":16,"column":5}},"12":{"start":{"line":15,"column":8},"end":{"line":15,"column":64}},"13":{"start":{"line":18,"column":4},"end":{"line":20,"column":5}},"14":{"start":{"line":19,"column":8},"end":{"line":19,"column":65}},"15":{"start":{"line":22,"column":4},"end":{"line":24,"column":5}},"16":{"start":{"line":23,"column":8},"end":{"line":23,"column":53}},"17":{"start":{"line":26,"column":4},"end":{"line":26,"column":27}},"18":{"start":{"line":28,"column":4},"end":{"line":28,"column":56}},"19":{"start":{"line":30,"column":4},"end":{"line":30,"column":23}},"20":{"start":{"line":33,"column":4},"end":{"line":35,"column":5}},"21":{"start":{"line":34,"column":8},"end":{"line":34,"column":42}},"22":{"start":{"line":38,"column":0},"end":{"line":38,"column":20}},"23":{"start":{"line":44,"column":0},"end":{"line":46,"column":1}},"24":{"start":{"line":45,"column":4},"end":{"line":45,"column":32}},"25":{"start":{"line":52,"column":0},"end":{"line":55,"column":2}},"26":{"start":{"line":53,"column":4},"end":{"line":53,"column":31}},"27":{"start":{"line":54,"column":4},"end":{"line":54,"column":26}},"28":{"start":{"line":57,"column":0},"end":{"line":59,"column":2}},"29":{"start":{"line":58,"column":4},"end":{"line":58,"column":25}},"30":{"start":{"line":65,"column":0},"end":{"line":81,"column":2}},"31":{"start":{"line":66,"column":4},"end":{"line":66,"column":53}},"32":{"start":{"line":67,"column":4},"end":{"line":67,"column":35}},"33":{"start":{"line":69,"column":4},"end":{"line":69,"column":43}},"34":{"start":{"line":70,"column":4},"end":{"line":70,"column":40}},"35":{"start":{"line":73,"column":4},"end":{"line":73,"column":35}},"36":{"start":{"line":76,"column":4},"end":{"line":78,"column":5}},"37":{"start":{"line":77,"column":8},"end":{"line":77,"column":38}},"38":{"start":{"line":80,"column":4},"end":{"line":80,"column":13}},"39":{"start":{"line":89,"column":0},"end":{"line":94,"column":2}},"40":{"start":{"line":90,"column":4},"end":{"line":90,"column":33}},"41":{"start":{"line":91,"column":4},"end":{"line":91,"column":20}},"42":{"start":{"line":93,"column":4},"end":{"line":93,"column":15}},"43":{"start":{"line":100,"column":0},"end":{"line":118,"column":2}},"44":{"start":{"line":101,"column":4},"end":{"line":101,"column":53}},"45":{"start":{"line":102,"column":4},"end":{"line":102,"column":11}},"46":{"start":{"line":103,"column":4},"end":{"line":103,"column":23}},"47":{"start":{"line":104,"column":4},"end":{"line":115,"column":5}},"48":{"start":{"line":105,"column":8},"end":{"line":105,"column":33}},"49":{"start":{"line":105,"column":27},"end":{"line":105,"column":31}},"50":{"start":{"line":107,"column":8},"end":{"line":107,"column":26}},"51":{"start":{"line":108,"column":8},"end":{"line":114,"column":9}},"52":{"start":{"line":109,"column":12},"end":{"line":111,"column":13}},"53":{"start":{"line":110,"column":16},"end":{"line":110,"column":52}},"54":{"start":{"line":112,"column":12},"end":{"line":112,"column":28}},"55":{"start":{"line":113,"column":12},"end":{"line":113,"column":23}},"56":{"start":{"line":117,"column":4},"end":{"line":117,"column":59}},"57":{"start":{"line":121,"column":0},"end":{"line":121,"column":34}}},"branchMap":{"1":{"line":10,"type":"binary-expr","locations":[{"start":{"line":10,"column":19},"end":{"line":10,"column":26}},{"start":{"line":10,"column":30},"end":{"line":10,"column":32}}]},"2":{"line":11,"type":"binary-expr","locations":[{"start":{"line":11,"column":23},"end":{"line":11,"column":39}},{"start":{"line":11,"column":43},"end":{"line":11,"column":46}}]},"3":{"line":12,"type":"binary-expr","locations":[{"start":{"line":12,"column":24},"end":{"line":12,"column":41}},{"start":{"line":12,"column":45},"end":{"line":12,"column":48}}]},"4":{"line":14,"type":"if","locations":[{"start":{"line":14,"column":4},"end":{"line":14,"column":4}},{"start":{"line":14,"column":4},"end":{"line":14,"column":4}}]},"5":{"line":18,"type":"if","locations":[{"start":{"line":18,"column":4},"end":{"line":18,"column":4}},{"start":{"line":18,"column":4},"end":{"line":18,"column":4}}]},"6":{"line":22,"type":"if","locations":[{"start":{"line":22,"column":4},"end":{"line":22,"column":4}},{"start":{"line":22,"column":4},"end":{"line":22,"column":4}}]},"7":{"line":28,"type":"binary-expr","locations":[{"start":{"line":28,"column":28},"end":{"line":28,"column":49}},{"start":{"line":28,"column":53},"end":{"line":28,"column":55}}]},"8":{"line":76,"type":"if","locations":[{"start":{"line":76,"column":4},"end":{"line":76,"column":4}},{"start":{"line":76,"column":4},"end":{"line":76,"column":4}}]},"9":{"line":76,"type":"binary-expr","locations":[{"start":{"line":76,"column":8},"end":{"line":76,"column":20}},{"start":{"line":76,"column":24},"end":{"line":76,"column":47}}]},"10":{"line":104,"type":"if","locations":[{"start":{"line":104,"column":4},"end":{"line":104,"column":4}},{"start":{"line":104,"column":4},"end":{"line":104,"column":4}}]},"11":{"line":108,"type":"if","locations":[{"start":{"line":108,"column":8},"end":{"line":108,"column":8}},{"start":{"line":108,"column":8},"end":{"line":108,"column":8}}]},"12":{"line":109,"type":"if","locations":[{"start":{"line":109,"column":12},"end":{"line":109,"column":12}},{"start":{"line":109,"column":12},"end":{"line":109,"column":12}}]}},"code":["var path = require('path');","var util = require('util');","var when = require('when');","var nodefn = require('when/node');","var CorePlugin = require('./plugins/core/');","","module.exports = AnyFS;","","function AnyFS(adapter, options) {","    this.options = options || {};","    this.options.cwd = this.options.cwd || '/';","    this.options.root = this.options.root || '/';","","    if (this.options.cwd[0] !== '/') {","        throw new Error('cwd must be absolute(start with \"/\")');","    }","","    if (this.options.root[0] !== '/') {","        throw new Error('root must be absolute(start with \"/\")');","    }","","    if (this.options.root !== '/') {","        throw new Error('root is not supported yet');","    }","","    this.adapter = adapter;","","    this.adapter.features = this.adapter.features || {};","","    this._plugins = [];","","    // add global plugins","    for (var i = 0, length = AnyFS._plugins.length; i < length; i++) {","        this.addPlugin(AnyFS._plugins[i]);","    }","}","","AnyFS._plugins = [];","","/**"," * Add a global plugin"," * @param {Plugin} plugin"," */","AnyFS.addPlugin = function(plugin) {","    AnyFS._plugins.push(plugin);","}","","/**"," * Add a plugin"," * @param {Plugin} plugin"," */","AnyFS.prototype.addPlugin = function(plugin) {","    this._plugins.push(plugin);","    plugin.register(this);","};","","AnyFS.prototype.getPlugins = function() {","    return this._plugins;","};","","/**"," * Resolve absolute path (considered root and cwd), path cleanup"," * @return {String}"," */","AnyFS.prototype.resolve = function() {","    var args = Array.prototype.slice.call(arguments);","    args.unshift(this.options.cwd);","    ","    var p = path.resolve.apply(null, args);","    p = path.join(this.options.root, p);","","    // fix windows","    p = p.replace(/[\\\\\\/]+/g, '/');","","    // remove ending slash","    if (p.length > 1 && p[p.length - 1] === '/') {","        p = p.substr(0, p.length - 1);","    }","","    return p;","};","","/**"," * Create standard error"," * @param  {String} code    Error code"," * @param  {String} message Error message"," * @return {Error}"," */","AnyFS.prototype.error = function(code, message) {","    var err = new Error(message);","    err.code = code;","","    return err;","};","","/**"," * Create promise"," * @return {Object}"," */","AnyFS.prototype._promise = function() {","    var args = Array.prototype.slice.call(arguments);","    var fn;","    var context = this;","    if (args.length === 0) {","        fn = function(cb) {cb()};","    } else {","        fn = args.shift();","        if (util.isArray(fn)) {","            if (fn.length !== 2) {","                throw new Error('Invalid callback');","            }","            context = fn[0];","            fn = fn[1];","        }","    }","","    return nodefn.lift(fn).apply(context, args).with(this);","};","","// always add core plugin","AnyFS.addPlugin(new CorePlugin());"],"l":{"1":1,"2":1,"3":1,"4":1,"5":1,"7":1,"9":1,"10":0,"11":0,"12":0,"14":0,"15":0,"18":0,"19":0,"22":0,"23":0,"26":0,"28":0,"30":0,"33":0,"34":0,"38":1,"44":1,"45":1,"52":1,"53":0,"54":0,"57":1,"58":0,"65":1,"66":0,"67":0,"69":0,"70":0,"73":0,"76":0,"77":0,"80":0,"89":1,"90":0,"91":0,"93":0,"100":1,"101":0,"102":0,"103":0,"104":0,"105":0,"107":0,"108":0,"109":0,"110":0,"112":0,"113":0,"117":0,"121":1}},"/home/travis/build/npmtest/node-npmtest-anyfs/node_modules/anyfs/lib/plugins/core/index.js":{"path":"/home/travis/build/npmtest/node-npmtest-anyfs/node_modules/anyfs/lib/plugins/core/index.js","s":{"1":1,"2":1,"3":1,"4":1,"5":1,"6":1,"7":1,"8":1,"9":1,"10":1,"11":0,"12":0,"13":0,"14":1,"15":0,"16":0,"17":0,"18":0,"19":0,"20":0,"21":0,"22":0,"23":0,"24":0,"25":0,"26":0,"27":0,"28":0,"29":0,"30":0,"31":0,"32":0,"33":0,"34":0,"35":0,"36":0,"37":0,"38":0,"39":0,"40":0,"41":0,"42":0,"43":0,"44":0,"45":0,"46":0,"47":0,"48":0,"49":0,"50":0,"51":0,"52":0,"53":0,"54":0,"55":0,"56":0,"57":0,"58":0,"59":0,"60":0,"61":0,"62":0,"63":0,"64":0,"65":0,"66":0,"67":0,"68":0,"69":0,"70":0,"71":0,"72":0,"73":0,"74":0,"75":0,"76":0,"77":0,"78":0,"79":0,"80":0,"81":0,"82":0,"83":0,"84":0,"85":0,"86":0,"87":0,"88":0,"89":0,"90":0,"91":0,"92":0,"93":0,"94":0,"95":0,"96":0,"97":0,"98":0,"99":0,"100":0,"101":0,"102":0,"103":0,"104":0,"105":0,"106":0,"107":0,"108":0,"109":0,"110":0,"111":0,"112":0,"113":0,"114":0,"115":0,"116":0,"117":0,"118":0,"119":0,"120":0,"121":0,"122":0,"123":0,"124":0,"125":1},"b":{"1":[0,0],"2":[0,0],"3":[0,0],"4":[0,0],"5":[0,0],"6":[0,0],"7":[0,0],"8":[0,0],"9":[0,0],"10":[0,0],"11":[0,0],"12":[0,0],"13":[0,0],"14":[0,0],"15":[0,0],"16":[0,0],"17":[0,0],"18":[0,0],"19":[0,0],"20":[0,0],"21":[0,0],"22":[0,0],"23":[0,0],"24":[0,0],"25":[0,0],"26":[0,0],"27":[0,0],"28":[0,0],"29":[0,0],"30":[0,0],"31":[0,0],"32":[0,0]},"f":{"1":1,"2":0,"3":0,"4":0,"5":0,"6":0,"7":0,"8":0,"9":0,"10":0,"11":0,"12":0,"13":0,"14":0,"15":0,"16":0,"17":0,"18":0,"19":0},"fnMap":{"1":{"name":"Plugin","line":16,"loc":{"start":{"line":16,"column":0},"end":{"line":16,"column":18}}},"2":{"name":"error","line":20,"loc":{"start":{"line":20,"column":0},"end":{"line":20,"column":30}}},"3":{"name":"(anonymous_3)","line":27,"loc":{"start":{"line":27,"column":28},"end":{"line":27,"column":41}}},"4":{"name":"(anonymous_4)","line":34,"loc":{"start":{"line":34,"column":14},"end":{"line":34,"column":30}}},"5":{"name":"(anonymous_5)","line":40,"loc":{"start":{"line":40,"column":18},"end":{"line":40,"column":37}}},"6":{"name":"(anonymous_6)","line":52,"loc":{"start":{"line":52,"column":18},"end":{"line":52,"column":34}}},"7":{"name":"(anonymous_7)","line":62,"loc":{"start":{"line":62,"column":14},"end":{"line":62,"column":30}}},"8":{"name":"(anonymous_8)","line":71,"loc":{"start":{"line":71,"column":16},"end":{"line":71,"column":32}}},"9":{"name":"(anonymous_9)","line":85,"loc":{"start":{"line":85,"column":19},"end":{"line":85,"column":35}}},"10":{"name":"(anonymous_10)","line":103,"loc":{"start":{"line":103,"column":15},"end":{"line":103,"column":31}}},"11":{"name":"(anonymous_11)","line":121,"loc":{"start":{"line":121,"column":14},"end":{"line":121,"column":33}}},"12":{"name":"(anonymous_12)","line":144,"loc":{"start":{"line":144,"column":18},"end":{"line":144,"column":43}}},"13":{"name":"(anonymous_13)","line":157,"loc":{"start":{"line":157,"column":13},"end":{"line":157,"column":33}}},"14":{"name":"(anonymous_14)","line":183,"loc":{"start":{"line":183,"column":19},"end":{"line":183,"column":50}}},"15":{"name":"(anonymous_15)","line":206,"loc":{"start":{"line":206,"column":26},"end":{"line":206,"column":48}}},"16":{"name":"(anonymous_16)","line":214,"loc":{"start":{"line":214,"column":26},"end":{"line":214,"column":47}}},"17":{"name":"(anonymous_17)","line":223,"loc":{"start":{"line":223,"column":58},"end":{"line":223,"column":71}}},"18":{"name":"(anonymous_18)","line":228,"loc":{"start":{"line":228,"column":27},"end":{"line":228,"column":48}}},"19":{"name":"(anonymous_19)","line":237,"loc":{"start":{"line":237,"column":59},"end":{"line":237,"column":81}}}},"statementMap":{"1":{"start":{"line":3,"column":0},"end":{"line":3,"column":46}},"2":{"start":{"line":4,"column":0},"end":{"line":4,"column":35}},"3":{"start":{"line":5,"column":0},"end":{"line":5,"column":31}},"4":{"start":{"line":6,"column":0},"end":{"line":6,"column":29}},"5":{"start":{"line":7,"column":0},"end":{"line":7,"column":39}},"6":{"start":{"line":8,"column":0},"end":{"line":8,"column":45}},"7":{"start":{"line":9,"column":0},"end":{"line":9,"column":27}},"8":{"start":{"line":11,"column":0},"end":{"line":11,"column":24}},"9":{"start":{"line":16,"column":0},"end":{"line":18,"column":1}},"10":{"start":{"line":20,"column":0},"end":{"line":25,"column":1}},"11":{"start":{"line":21,"column":4},"end":{"line":21,"column":33}},"12":{"start":{"line":22,"column":4},"end":{"line":22,"column":20}},"13":{"start":{"line":24,"column":4},"end":{"line":24,"column":15}},"14":{"start":{"line":27,"column":0},"end":{"line":241,"column":2}},"15":{"start":{"line":34,"column":4},"end":{"line":50,"column":6}},"16":{"start":{"line":35,"column":8},"end":{"line":37,"column":9}},"17":{"start":{"line":36,"column":12},"end":{"line":36,"column":44}},"18":{"start":{"line":39,"column":8},"end":{"line":49,"column":19}},"19":{"start":{"line":41,"column":16},"end":{"line":41,"column":47}},"20":{"start":{"line":42,"column":16},"end":{"line":42,"column":43}},"21":{"start":{"line":43,"column":16},"end":{"line":43,"column":82}},"22":{"start":{"line":44,"column":16},"end":{"line":47,"column":24}},"23":{"start":{"line":48,"column":16},"end":{"line":48,"column":32}},"24":{"start":{"line":52,"column":4},"end":{"line":60,"column":6}},"25":{"start":{"line":53,"column":8},"end":{"line":55,"column":9}},"26":{"start":{"line":54,"column":12},"end":{"line":54,"column":51}},"27":{"start":{"line":57,"column":8},"end":{"line":57,"column":28}},"28":{"start":{"line":59,"column":8},"end":{"line":59,"column":37}},"29":{"start":{"line":62,"column":4},"end":{"line":69,"column":5}},"30":{"start":{"line":63,"column":8},"end":{"line":65,"column":9}},"31":{"start":{"line":64,"column":12},"end":{"line":64,"column":47}},"32":{"start":{"line":67,"column":8},"end":{"line":67,"column":28}},"33":{"start":{"line":68,"column":8},"end":{"line":68,"column":33}},"34":{"start":{"line":71,"column":4},"end":{"line":83,"column":5}},"35":{"start":{"line":72,"column":8},"end":{"line":74,"column":9}},"36":{"start":{"line":73,"column":12},"end":{"line":73,"column":49}},"37":{"start":{"line":76,"column":8},"end":{"line":76,"column":28}},"38":{"start":{"line":78,"column":8},"end":{"line":80,"column":9}},"39":{"start":{"line":79,"column":12},"end":{"line":79,"column":62}},"40":{"start":{"line":82,"column":8},"end":{"line":82,"column":35}},"41":{"start":{"line":85,"column":4},"end":{"line":101,"column":6}},"42":{"start":{"line":86,"column":8},"end":{"line":88,"column":9}},"43":{"start":{"line":87,"column":12},"end":{"line":87,"column":52}},"44":{"start":{"line":90,"column":8},"end":{"line":90,"column":28}},"45":{"start":{"line":92,"column":8},"end":{"line":94,"column":9}},"46":{"start":{"line":93,"column":12},"end":{"line":93,"column":62}},"47":{"start":{"line":96,"column":8},"end":{"line":98,"column":9}},"48":{"start":{"line":97,"column":12},"end":{"line":97,"column":49}},"49":{"start":{"line":100,"column":8},"end":{"line":100,"column":70}},"50":{"start":{"line":103,"column":4},"end":{"line":119,"column":5}},"51":{"start":{"line":104,"column":8},"end":{"line":106,"column":9}},"52":{"start":{"line":105,"column":12},"end":{"line":105,"column":48}},"53":{"start":{"line":108,"column":8},"end":{"line":108,"column":28}},"54":{"start":{"line":110,"column":8},"end":{"line":112,"column":9}},"55":{"start":{"line":111,"column":12},"end":{"line":111,"column":24}},"56":{"start":{"line":114,"column":8},"end":{"line":116,"column":9}},"57":{"start":{"line":115,"column":12},"end":{"line":115,"column":45}},"58":{"start":{"line":118,"column":8},"end":{"line":118,"column":63}},"59":{"start":{"line":121,"column":4},"end":{"line":142,"column":6}},"60":{"start":{"line":122,"column":8},"end":{"line":124,"column":9}},"61":{"start":{"line":123,"column":12},"end":{"line":123,"column":50}},"62":{"start":{"line":126,"column":8},"end":{"line":126,"column":28}},"63":{"start":{"line":127,"column":8},"end":{"line":127,"column":28}},"64":{"start":{"line":129,"column":8},"end":{"line":131,"column":9}},"65":{"start":{"line":130,"column":12},"end":{"line":130,"column":80}},"66":{"start":{"line":133,"column":8},"end":{"line":135,"column":9}},"67":{"start":{"line":134,"column":12},"end":{"line":134,"column":63}},"68":{"start":{"line":137,"column":8},"end":{"line":139,"column":9}},"69":{"start":{"line":138,"column":12},"end":{"line":138,"column":77}},"70":{"start":{"line":141,"column":8},"end":{"line":141,"column":64}},"71":{"start":{"line":144,"column":4},"end":{"line":181,"column":6}},"72":{"start":{"line":145,"column":8},"end":{"line":148,"column":9}},"73":{"start":{"line":146,"column":12},"end":{"line":146,"column":25}},"74":{"start":{"line":147,"column":12},"end":{"line":147,"column":32}},"75":{"start":{"line":150,"column":8},"end":{"line":152,"column":9}},"76":{"start":{"line":151,"column":12},"end":{"line":151,"column":60}},"77":{"start":{"line":154,"column":8},"end":{"line":154,"column":32}},"78":{"start":{"line":156,"column":8},"end":{"line":156,"column":21}},"79":{"start":{"line":157,"column":8},"end":{"line":166,"column":9}},"80":{"start":{"line":158,"column":12},"end":{"line":160,"column":13}},"81":{"start":{"line":159,"column":16},"end":{"line":159,"column":32}},"82":{"start":{"line":162,"column":12},"end":{"line":164,"column":13}},"83":{"start":{"line":163,"column":16},"end":{"line":163,"column":55}},"84":{"start":{"line":165,"column":12},"end":{"line":165,"column":28}},"85":{"start":{"line":168,"column":8},"end":{"line":168,"column":28}},"86":{"start":{"line":170,"column":8},"end":{"line":172,"column":9}},"87":{"start":{"line":171,"column":12},"end":{"line":171,"column":48}},"88":{"start":{"line":174,"column":8},"end":{"line":180,"column":9}},"89":{"start":{"line":175,"column":12},"end":{"line":175,"column":98}},"90":{"start":{"line":176,"column":12},"end":{"line":176,"column":42}},"91":{"start":{"line":179,"column":12},"end":{"line":179,"column":19}},"92":{"start":{"line":183,"column":4},"end":{"line":212,"column":6}},"93":{"start":{"line":184,"column":8},"end":{"line":187,"column":9}},"94":{"start":{"line":185,"column":12},"end":{"line":185,"column":25}},"95":{"start":{"line":186,"column":12},"end":{"line":186,"column":32}},"96":{"start":{"line":189,"column":8},"end":{"line":191,"column":9}},"97":{"start":{"line":190,"column":12},"end":{"line":190,"column":67}},"98":{"start":{"line":193,"column":8},"end":{"line":193,"column":32}},"99":{"start":{"line":194,"column":8},"end":{"line":194,"column":28}},"100":{"start":{"line":197,"column":8},"end":{"line":199,"column":9}},"101":{"start":{"line":198,"column":12},"end":{"line":198,"column":54}},"102":{"start":{"line":201,"column":8},"end":{"line":201,"column":24}},"103":{"start":{"line":202,"column":8},"end":{"line":209,"column":9}},"104":{"start":{"line":203,"column":12},"end":{"line":203,"column":65}},"105":{"start":{"line":205,"column":12},"end":{"line":205,"column":100}},"106":{"start":{"line":206,"column":12},"end":{"line":208,"column":13}},"107":{"start":{"line":207,"column":16},"end":{"line":207,"column":53}},"108":{"start":{"line":211,"column":8},"end":{"line":211,"column":50}},"109":{"start":{"line":214,"column":4},"end":{"line":226,"column":6}},"110":{"start":{"line":215,"column":8},"end":{"line":215,"column":28}},"111":{"start":{"line":216,"column":8},"end":{"line":216,"column":32}},"112":{"start":{"line":218,"column":8},"end":{"line":220,"column":9}},"113":{"start":{"line":219,"column":12},"end":{"line":219,"column":96}},"114":{"start":{"line":222,"column":8},"end":{"line":222,"column":24}},"115":{"start":{"line":223,"column":8},"end":{"line":225,"column":11}},"116":{"start":{"line":224,"column":12},"end":{"line":224,"column":41}},"117":{"start":{"line":228,"column":4},"end":{"line":240,"column":6}},"118":{"start":{"line":229,"column":8},"end":{"line":229,"column":28}},"119":{"start":{"line":230,"column":8},"end":{"line":230,"column":32}},"120":{"start":{"line":232,"column":8},"end":{"line":234,"column":9}},"121":{"start":{"line":233,"column":12},"end":{"line":233,"column":98}},"122":{"start":{"line":236,"column":8},"end":{"line":236,"column":24}},"123":{"start":{"line":237,"column":8},"end":{"line":239,"column":11}},"124":{"start":{"line":238,"column":12},"end":{"line":238,"column":51}},"125":{"start":{"line":243,"column":0},"end":{"line":243,"column":42}}},"branchMap":{"1":{"line":35,"type":"if","locations":[{"start":{"line":35,"column":8},"end":{"line":35,"column":8}},{"start":{"line":35,"column":8},"end":{"line":35,"column":8}}]},"2":{"line":44,"type":"cond-expr","locations":[{"start":{"line":45,"column":18},"end":{"line":45,"column":23}},{"start":{"line":47,"column":18},"end":{"line":47,"column":23}}]},"3":{"line":53,"type":"if","locations":[{"start":{"line":53,"column":8},"end":{"line":53,"column":8}},{"start":{"line":53,"column":8},"end":{"line":53,"column":8}}]},"4":{"line":63,"type":"if","locations":[{"start":{"line":63,"column":8},"end":{"line":63,"column":8}},{"start":{"line":63,"column":8},"end":{"line":63,"column":8}}]},"5":{"line":72,"type":"if","locations":[{"start":{"line":72,"column":8},"end":{"line":72,"column":8}},{"start":{"line":72,"column":8},"end":{"line":72,"column":8}}]},"6":{"line":78,"type":"if","locations":[{"start":{"line":78,"column":8},"end":{"line":78,"column":8}},{"start":{"line":78,"column":8},"end":{"line":78,"column":8}}]},"7":{"line":86,"type":"if","locations":[{"start":{"line":86,"column":8},"end":{"line":86,"column":8}},{"start":{"line":86,"column":8},"end":{"line":86,"column":8}}]},"8":{"line":92,"type":"if","locations":[{"start":{"line":92,"column":8},"end":{"line":92,"column":8}},{"start":{"line":92,"column":8},"end":{"line":92,"column":8}}]},"9":{"line":96,"type":"if","locations":[{"start":{"line":96,"column":8},"end":{"line":96,"column":8}},{"start":{"line":96,"column":8},"end":{"line":96,"column":8}}]},"10":{"line":104,"type":"if","locations":[{"start":{"line":104,"column":8},"end":{"line":104,"column":8}},{"start":{"line":104,"column":8},"end":{"line":104,"column":8}}]},"11":{"line":110,"type":"if","locations":[{"start":{"line":110,"column":8},"end":{"line":110,"column":8}},{"start":{"line":110,"column":8},"end":{"line":110,"column":8}}]},"12":{"line":114,"type":"if","locations":[{"start":{"line":114,"column":8},"end":{"line":114,"column":8}},{"start":{"line":114,"column":8},"end":{"line":114,"column":8}}]},"13":{"line":122,"type":"if","locations":[{"start":{"line":122,"column":8},"end":{"line":122,"column":8}},{"start":{"line":122,"column":8},"end":{"line":122,"column":8}}]},"14":{"line":129,"type":"if","locations":[{"start":{"line":129,"column":8},"end":{"line":129,"column":8}},{"start":{"line":129,"column":8},"end":{"line":129,"column":8}}]},"15":{"line":133,"type":"if","locations":[{"start":{"line":133,"column":8},"end":{"line":133,"column":8}},{"start":{"line":133,"column":8},"end":{"line":133,"column":8}}]},"16":{"line":133,"type":"binary-expr","locations":[{"start":{"line":133,"column":12},"end":{"line":133,"column":21}},{"start":{"line":133,"column":25},"end":{"line":133,"column":34}}]},"17":{"line":137,"type":"if","locations":[{"start":{"line":137,"column":8},"end":{"line":137,"column":8}},{"start":{"line":137,"column":8},"end":{"line":137,"column":8}}]},"18":{"line":145,"type":"if","locations":[{"start":{"line":145,"column":8},"end":{"line":145,"column":8}},{"start":{"line":145,"column":8},"end":{"line":145,"column":8}}]},"19":{"line":150,"type":"if","locations":[{"start":{"line":150,"column":8},"end":{"line":150,"column":8}},{"start":{"line":150,"column":8},"end":{"line":150,"column":8}}]},"20":{"line":154,"type":"binary-expr","locations":[{"start":{"line":154,"column":18},"end":{"line":154,"column":25}},{"start":{"line":154,"column":29},"end":{"line":154,"column":31}}]},"21":{"line":158,"type":"if","locations":[{"start":{"line":158,"column":12},"end":{"line":158,"column":12}},{"start":{"line":158,"column":12},"end":{"line":158,"column":12}}]},"22":{"line":162,"type":"if","locations":[{"start":{"line":162,"column":12},"end":{"line":162,"column":12}},{"start":{"line":162,"column":12},"end":{"line":162,"column":12}}]},"23":{"line":170,"type":"if","locations":[{"start":{"line":170,"column":8},"end":{"line":170,"column":8}},{"start":{"line":170,"column":8},"end":{"line":170,"column":8}}]},"24":{"line":184,"type":"if","locations":[{"start":{"line":184,"column":8},"end":{"line":184,"column":8}},{"start":{"line":184,"column":8},"end":{"line":184,"column":8}}]},"25":{"line":189,"type":"if","locations":[{"start":{"line":189,"column":8},"end":{"line":189,"column":8}},{"start":{"line":189,"column":8},"end":{"line":189,"column":8}}]},"26":{"line":193,"type":"binary-expr","locations":[{"start":{"line":193,"column":18},"end":{"line":193,"column":25}},{"start":{"line":193,"column":29},"end":{"line":193,"column":31}}]},"27":{"line":197,"type":"if","locations":[{"start":{"line":197,"column":8},"end":{"line":197,"column":8}},{"start":{"line":197,"column":8},"end":{"line":197,"column":8}}]},"28":{"line":202,"type":"if","locations":[{"start":{"line":202,"column":8},"end":{"line":202,"column":8}},{"start":{"line":202,"column":8},"end":{"line":202,"column":8}}]},"29":{"line":216,"type":"binary-expr","locations":[{"start":{"line":216,"column":18},"end":{"line":216,"column":25}},{"start":{"line":216,"column":29},"end":{"line":216,"column":31}}]},"30":{"line":218,"type":"if","locations":[{"start":{"line":218,"column":8},"end":{"line":218,"column":8}},{"start":{"line":218,"column":8},"end":{"line":218,"column":8}}]},"31":{"line":230,"type":"binary-expr","locations":[{"start":{"line":230,"column":18},"end":{"line":230,"column":25}},{"start":{"line":230,"column":29},"end":{"line":230,"column":31}}]},"32":{"line":232,"type":"if","locations":[{"start":{"line":232,"column":8},"end":{"line":232,"column":8}},{"start":{"line":232,"column":8},"end":{"line":232,"column":8}}]}},"code":["'use strict';","","var streamContent = require('stream-content');","var deleteIt = require('./delete');","var mkdir = require('./mkdir');","var move = require('./move');","var writeFile = require('./writeFile');","var streamhelper = require('./streamhelper');","var nodeFS = require('fs');","","module.exports = Plugin;","","/**"," * Core filesystem plugin"," */","function Plugin() {","","}","","function error(code, message) {","    var 
[...]
"30":{"start":{"line":54,"column":11},"end":{"line":56,"column":5}},"31":{"start":{"line":55,"column":8},"end":{"line":55,"column":20}},"32":{"start":{"line":58,"column":4},"end":{"line":60,"column":5}},"33":{"start":{"line":59,"column":8},"end":{"line":59,"column":20}},"34":{"start":{"line":62,"column":4},"end":{"line":62,"column":28}},"35":{"start":{"line":63,"column":4},"end":{"line":65,"column":5}},"36":{"start":{"line":64,"column":8},"end":{"line":64,"column":40}},"37":{"start":{"line":67,"column":4},"end":{"line":69,"column":5}},"38":{"start":{"line":68,"column":8},"end":{"line":68,"column":20}},"39":{"start":{"line":72,"column":4},"end":{"line":76,"column":5}},"40":{"start":{"line":73,"column":8},"end":{"line":73,"column":29}},"41":{"start":{"line":75,"column":8},"end":{"line":75,"column":49}},"42":{"start":{"line":79,"column":0},"end":{"line":89,"column":2}},"43":{"start":{"line":80,"column":4},"end":{"line":80,"column":34}},"44":{"start":{"line":81,"column":4},"end":{"line":81,"column":32}},"45":{"start":{"line":82,"column":4},"end":{"line":84,"column":5}},"46":{"start":{"line":83,"column":8},"end":{"line":83,"column":35}},"47":{"start":{"line":86,"column":4},"end":{"line":86,"column":45}},"48":{"start":{"line":88,"column":4},"end":{"line":88,"column":23}},"49":{"start":{"line":91,"column":0},"end":{"line":108,"column":2}},"50":{"start":{"line":92,"column":4},"end":{"line":92,"column":34}},"51":{"start":{"line":93,"column":4},"end":{"line":95,"column":5}},"52":{"start":{"line":94,"column":8},"end":{"line":94,"column":35}},"53":{"start":{"line":97,"column":4},"end":{"line":99,"column":5}},"54":{"start":{"line":98,"column":8},"end":{"line":98,"column":36}},"55":{"start":{"line":101,"column":4},"end":{"line":101,"column":18}},"56":{"start":{"line":102,"column":4},"end":{"line":105,"column":5}},"57":{"start":{"line":103,"column":8},"end":{"line":103,"column":55}},"58":{"start":{"line":104,"column":8},"end":{"line":104,"column":28}},"59":{"start":{"line":107,"column":4},"end":{"line":107,"column":19}},"60":{"start":{"line":110,"column":0},"end":{"line":110,"column":51}},"61":{"start":{"line":112,"column":0},"end":{"line":135,"column":2}},"62":{"start":{"line":113,"column":4},"end":{"line":113,"column":33}},"63":{"start":{"line":114,"column":4},"end":{"line":114,"column":32}},"64":{"start":{"line":116,"column":4},"end":{"line":116,"column":45}},"65":{"start":{"line":118,"column":4},"end":{"line":120,"column":5}},"66":{"start":{"line":119,"column":8},"end":{"line":119,"column":35}},"67":{"start":{"line":123,"column":4},"end":{"line":126,"column":5}},"68":{"start":{"line":124,"column":8},"end":{"line":124,"column":30}},"69":{"start":{"line":125,"column":8},"end":{"line":125,"column":20}},"70":{"start":{"line":128,"column":4},"end":{"line":128,"column":32}},"71":{"start":{"line":130,"column":4},"end":{"line":132,"column":5}},"72":{"start":{"line":131,"column":8},"end":{"line":131,"column":20}},"73":{"start":{"line":134,"column":4},"end":{"line":134,"column":31}},"74":{"start":{"line":137,"column":0},"end":{"line":157,"column":2}},"75":{"start":{"line":138,"column":4},"end":{"line":138,"column":33}},"76":{"start":{"line":139,"column":4},"end":{"line":139,"column":32}},"77":{"start":{"line":141,"column":4},"end":{"line":141,"column":45}},"78":{"start":{"line":143,"column":4},"end":{"line":145,"column":5}},"79":{"start":{"line":144,"column":8},"end":{"line":144,"column":38}},"80":{"start":{"line":147,"column":4},"end":{"line":149,"column":5}},"81":{"start":{"line":148,"column":8},"end":{"line":148,"column":38}},"82":{"start":{"line":151,"column":4},"end":{"line":153,"column":5}},"83":{"start":{"line":152,"column":8},"end":{"line":152,"column":38}},"84":{"start":{"line":155,"column":4},"end":{"line":155,"column":28}},"85":{"start":{"line":156,"column":4},"end":{"line":156,"column":9}},"86":{"start":{"line":159,"column":0},"end":{"line":159,"column":51}},"87":{"start":{"line":161,"column":0},"end":{"line":181,"column":2}},"88":{"start":{"line":162,"column":4},"end":{"line":162,"column":33}},"89":{"start":{"line":163,"column":4},"end":{"line":163,"column":32}},"90":{"start":{"line":165,"column":4},"end":{"line":165,"column":45}},"91":{"start":{"line":167,"column":4},"end":{"line":169,"column":5}},"92":{"start":{"line":168,"column":8},"end":{"line":168,"column":35}},"93":{"start":{"line":171,"column":4},"end":{"line":173,"column":5}},"94":{"start":{"line":172,"column":8},"end":{"line":172,"column":35}},"95":{"start":{"line":175,"column":4},"end":{"line":177,"column":5}},"96":{"start":{"line":176,"column":8},"end":{"line":176,"column":36}},"97":{"start":{"line":179,"column":4},"end":{"line":179,"column":28}},"98":{"start":{"line":180,"column":4},"end":{"line":180,"column":9}},"99":{"start":{"line":183,"column":0},"end":{"line":204,"column":2}},"100":{"start":{"line":184,"column":4},"end":{"line":184,"column":34}},"101":{"start":{"line":185,"column":4},"end":{"line":185,"column":34}},"102":{"start":{"line":186,"column":4},"end":{"line":186,"column":33}},"103":{"start":{"line":187,"column":4},"end":{"line":187,"column":32}},"104":{"start":{"line":189,"column":4},"end":{"line":189,"column":35}},"105":{"start":{"line":190,"column":4},"end":{"line":192,"column":5}},"106":{"start":{"line":191,"column":8},"end":{"line":191,"column":35}},"107":{"start":{"line":194,"column":4},"end":{"line":194,"column":47}},"108":{"start":{"line":195,"column":4},"end":{"line":195,"column":47}},"109":{"start":{"line":196,"column":4},"end":{"line":198,"column":5}},"110":{"start":{"line":197,"column":8},"end":{"line":197,"column":35}},"111":{"start":{"line":200,"column":4},"end":{"line":200,"column":44}},"112":{"start":{"line":201,"column":4},"end":{"line":201,"column":30}},"113":{"start":{"line":203,"column":4},"end":{"line":203,"column":9}},"114":{"start":{"line":206,"column":0},"end":{"line":214,"column":2}},"115":{"start":{"line":207,"column":4},"end":{"line":207,"column":34}},"116":{"start":{"line":209,"column":4},"end":{"line":211,"column":5}},"117":{"start":{"line":210,"column":8},"end":{"line":210,"column":38}},"118":{"start":{"line":213,"column":4},"end":{"line":213,"column":19}},"119":{"start":{"line":216,"column":0},"end":{"line":233,"column":2}},"120":{"start":{"line":217,"column":4},"end":{"line":217,"column":33}},"121":{"start":{"line":218,"column":4},"end":{"line":218,"column":36}},"122":{"start":{"line":220,"column":4},"end":{"line":220,"column":45}},"123":{"start":{"line":221,"column":4},"end":{"line":223,"column":5}},"124":{"start":{"line":222,"column":8},"end":{"line":222,"column":35}},"125":{"start":{"line":225,"column":4},"end":{"line":225,"column":34}},"126":{"start":{"line":226,"column":4},"end":{"line":230,"column":5}},"127":{"start":{"line":227,"column":8},"end":{"line":227,"column":31}},"128":{"start":{"line":228,"column":8},"end":{"line":228,"column":36}},"129":{"start":{"line":229,"column":8},"end":{"line":229,"column":20}},"130":{"start":{"line":232,"column":4},"end":{"line":232,"column":27}},"131":{"start":{"line":235,"column":0},"end":{"line":235,"column":25}}},"branchMap":{"1":{"line":22,"type":"if","locations":[{"start":{"line":22,"column":4},"end":{"line":22,"column":4}},{"start":{"line":22,"column":4},"end":{"line":22,"column":4}}]},"2":{"line":40,"type":"if","locations":[{"start":{"line":40,"column":4},"end":{"line":40,"column":4}},{"start":{"line":40,"column":4},"end":{"line":40,"column":4}}]},"3":{"line":44,"type":"if","locations":[{"start":{"line":44,"column":4},"end":{"line":44,"column":4}},{"start":{"line":44,"column":4},"end":{"line":44,"column":4}}]},"4":{"line":48,"type":"if","locations":[{"start":{"line":48,"column":4},"end":{"line":48,"column":4}},{"start":{"line":48,"column":4},"end":{"line":48,"column":4}}]},"5":{"line":52,"type":"if","locations":[{"start":{"line":52,"column":4},"end":{"line":52,"column":4}},{"start":{"line":52,"column":4},"end":{"line":52,"column":4}}]},"6":{"line":54,"type":"if","locations":[{"start":{"line":54,"column":11},"end":{"line":54,"column":11}},{"start":{"line":54,"column":11},"end":{"line":54,"column":11}}]},"7":{"line":58,"type":"if","locations":[{"start":{"line":58,"column":4},"end":{"line":58,"column":4}},{"start":{"line":58,"column":4},"end":{"line":58,"column":4}}]},"8":{"line":63,"type":"if","locations":[{"start":{"line":63,"column":4},"end":{"line":63,"column":4}},{"start":{"line":63,"column":4},"end":{"line":63,"column":4}}]},"9":{"line":67,"type":"if","locations":[{"start":{"line":67,"column":4},"end":{"line":67,"column":4}},{"start":{"line":67,"column":4},"end":{"line":67,"column":4}}]},"10":{"line":72,"type":"if","locations":[{"start":{"line":72,"column":4},"end":{"line":72,"column":4}},{"start":{"line":72,"column":4},"end":{"line":72,"column":4}}]},"11":{"line":82,"type":"if","locations":[{"start":{"line":82,"column":4},"end":{"line":82,"column":4}},{"start":{"line":82,"column":4},"end":{"line":82,"column":4}}]},"12":{"line":93,"type":"if","locations":[{"start":{"line":93,"column":4},"end":{"line":93,"column":4}},{"start":{"line":93,"column":4},"end":{"line":93,"column":4}}]},"13":{"line":97,"type":"if","locations":[{"start":{"line":97,"column":4},"end":{"line":97,"column":4}},{"start":{"line":97,"column":4},"end":{"line":97,"column":4}}]},"14":{"line":118,"type":"if","locations":[{"start":{"line":118,"column":4},"end":{"line":118,"column":4}},{"start":{"line":118,"column":4},"end":{"line":118,"column":4}}]},"15":{"line":123,"type":"if","locations":[{"start":{"line":123,"column":4},"end":{"line":123,"column":4}},{"start":{"line":123,"column":4},"end":{"line":123,"column":4}}]},"16":{"line":130,"type":"if","locations":[{"start":{"line":130,"column":4},"end":{"line":130,"column":4}},{"start":{"line":130,"column":4},"end":{"line":130,"column":4}}]},"17":{"line":143,"type":"if","locations":[{"start":{"line":143,"column":4},"end":{"line":143,"column":4}},{"start":{"line":143,"column":4},"end":{"line":143,"column":4}}]},"18":{"line":147,"type":"if","locations":[{"start":{"line":147,"column":4},"end":{"line":147,"column":4}},{"start":{"line":147,"column":4},"end":{"line":147,"column":4}}]},"19":{"line":151,"type":"if","locations":[{"start":{"line":151,"column":4},"end":{"line":151,"column":4}},{"start":{"line":151,"column":4},"end":{"line":151,"column":4}}]},"20":{"line":167,"type":"if","locations":[{"start":{"line":167,"column":4},"end":{"line":167,"column":4}},{"start":{"line":167,"column":4},"end":{"line":167,"column":4}}]},"21":{"line":171,"type":"if","locations":[{"start":{"line":171,"column":4},"end":{"line":171,"column":4}},{"start":{"line":171,"column":4},"end":{"line":171,"column":4}}]},"22":{"line":175,"type":"if","locations":[{"start":{"line":175,"column":4},"end":{"line":175,"column":4}},{"start":{"line":175,"column":4},"end":{"line":175,"column":4}}]},"23":{"line":190,"type":"if","locations":[{"start":{"line":190,"column":4},"end":{"line":190,"column":4}},{"start":{"line":190,"column":4},"end":{"line":190,"column":4}}]},"24":{"line":196,"type":"if","locations":[{"start":{"line":196,"column":4},"end":{"line":196,"column":4}},{"start":{"line":196,"column":4},"end":{"line":196,"column":4}}]},"25":{"line":209,"type":"if","locations":[{"start":{"line":209,"column":4},"end":{"line":209,"column":4}},{"start":{"line":209,"column":4},"end":{"line":209,"column":4}}]},"26":{"line":221,"type":"if","locations":[{"start":{"line":221,"column":4},"end":{"line":221,"column":4}},{"start":{"line":221,"column":4},"end":{"line":221,"column":4}}]},"27":{"line":226,"type":"if","locations":[{"start":{"line":226,"column":4},"end":{"line":226,"column":4}},{"start":{"line":226,"column":4},"end":{"line":226,"column":4}}]},"28":{"line":226,"type":"binary-expr","locations":[{"start":{"line":226,"column":8},"end":{"line":226,"column":13}},{"start":{"line":226,"column":17},"end":{"line":226,"column":29}}]}},"code":["'use strict';","","var path = require('path');","var util = require('util');","","function error(code, message) {","    var err = new Error(message);","    err.code = code;","","    return err;","}","","function isDir(node) {","    return !Buffer.isBuffer(node);","}","","function parseMetadata(name, node) {","    var metadata = {","        name: name","    };","","    if (!isDir(node)) {","        metadata.is_dir = false;","        metadata.size = node.length;","        metadata.time = node.time;","    } else {","        metadata.is_dir = true;","    }","","    return metadata;","}","","function Adapter() {","    this.tree = {};","}","","Adapter.prototype.features = {};","","Adapter.prototype._getByPath = function(tree, p) {","    if (arguments.length === 1) {","        p = tree;","        tree = this.tree;","    }","    if (p === '') {","        return null;","    }","","    if (p === '/') {","        return tree;","    }","","    if (typeof p === 'string') {","        p = p.split('/');","    } else if (!util.isArray(p)) {","        return null;","    }","","    if (p.length === 0) {","        return null;","    }","","    var current = p.shift();","    if (current === '') {","        return this._getByPath(tree, p);","    }","","    if (!tree.hasOwnProperty(current)) {","        return null;","    }","","    // found","    if (p.length === 0) {","        return tree[current];","    } else {","        return this._getByPath(tree[current], p);","    }","};","","Adapter.prototype.metadata = function(p, cb) {","    var node = this._getByPath(p);","    var name = path.basename(p);","    if (!node) {","        return cb(error('ENOENT'));","    }","","    var metadata = parseMetadata(name, node);","","    cb(null, metadata);","};","","Adapter.prototype.list = function(p, cb) {","    var node = this._getByPath(p);","    if (!node) {","        return cb(error('ENOENT'));","    }","","    if (!isDir(node)) {","        return cb(error('ENOTDIR'));","    }","","    var list = [];","    for (var name in node) {","        var metadata = parseMetadata(name, node[name]);","        list.push(metadata);","    }","","    cb(null, list);","};","","Adapter.prototype.features.MKDIR_PASS_EXIST = true;","","Adapter.prototype.mkdir = function(p, cb) {","    var parent = path.dirname(p);","    var name = path.basename(p);","","    var parentNode = this._getByPath(parent);","","    if (!isDir(parentNode)) {","        return cb(error('ELOGIC'));","    }","","    // create directory on parent node","    if (!parentNode.hasOwnProperty(name)) {","        parentNode[name] = {};","        return cb();","    }","","    var node = parentNode[name];","","    if (isDir(node)) {","        return cb();","    }","","    return cb(error('EEXIST'));","};","","Adapter.prototype.delete = function(p, cb) {","    var parent = path.dirname(p);","    var name = path.basename(p);","","    var parentNode = this._getByPath(parent);","","    if (!isDir(parentNode)) {","        return cb(error('ENOENT', p));","    }","","    if (!parentNode.hasOwnProperty(name)) {","        return cb(error('ENOENT', p));","    }","","    if (isDir(parentNode[name])) {","        return cb(error('EISDIR', p));","    }","","    delete parentNode[name];","    cb();","};","","Adapter.prototype.features.DELETE_RECURSIVE = true;","","Adapter.prototype.deleteDir = function(p, cb) {","    var parent = path.dirname(p);","    var name = path.basename(p);","","    var parentNode = this._getByPath(parent);","","    if (!isDir(parentNode)) {","        return cb(error('ENOENT'));","    }","","    if (!parentNode.hasOwnProperty(name)) {","        return cb(error('ENOENT'));","    }","","    if (!isDir(parentNode[name])) {","        return cb(error('ENOTDIR'));","    }","","    delete parentNode[name];","    cb();","};","","Adapter.prototype.move = function(a, b, cb) {","    var parentA = path.dirname(a);","    var parentB = path.dirname(b);","    var nameA = path.basename(a);","    var nameB = path.basename(b)","","    var aNode = this._getByPath(a);","    if (!aNode) {","        return cb(error('ENOENT'));","    }","","    var parentANode = this._getByPath(parentA);","    var parentBNode = this._getByPath(parentB);","    if (!parentBNode) {","        return cb(error('ENOENT'));","    }","","    parentBNode[nameB] = parentANode[nameA];","    delete parentANode[nameA];","","    cb();","};","","Adapter.prototype.readFile = function(p, cb) {","    var node = this._getByPath(p);","","    if (isDir(node)) {","        return cb(error('EISDIR', p));","    }","","    cb(null, node);","};","","Adapter.prototype.writeFile = function(p, data, cb) {","    var parent = path.dirname(p);","    var filename = path.basename(p);","","    var parentNode = this._getByPath(parent);","    if (!parentNode) {","        return cb(error('ENOENT'));","    }","","    var node = this._getByPath(p);","    if (!node || !isDir(node)) {","        data.time = new Date();","        parentNode[filename] = data;","        return cb();","    }","","    cb(error('EISDIR', p));","};","","module.exports = Adapter;"],"l":{"3":1,"4":1,"6":1,"7":0,"8":0,"10":0,"13":1,"14":0,"17":1,"18":0,"22":0,"23":0,"24":0,"25":0,"27":0,"30":0,"33":1,"34":0,"37":1,"39":1,"40":0,"41":0,"42":0,"44":0,"45":0,"48":0,"49":0,"52":0,"53":0,"54":0,"55":0,"58":0,"59":0,"62":0,"63":0,"64":0,"67":0,"68":0,"72":0,"73":0,"75":0,"79":1,"80":0,"81":0,"82":0,"83":0,"86":0,"88":0,"91":1,"92":0,"93":0,"94":0,"97":0,"98":0,"101":0,"102":0,"103":0,"104":0,"107":0,"110":1,"112":1,"113":0,"114":0,"116":0,"118":0,"119":0,"123":0,"124":0,"125":0,"128":0,"130":0,"131":0,"134":0,"137":1,"138":0,"139":0,"141":0,"143":0,"144":0,"147":0,"148":0,"151":0,"152":0,"155":0,"156":0,"159":1,"161":1,"162":0,"163":0,"165":0,"167":0,"168":0,"171":0,"172":0,"175":0,"176":0,"179":0,"180":0,"183":1,"184":0,"185":0,"186":0,"187":0,"189":0,"190":0,"191":0,"194":0,"195":0,"196":0,"197":0,"200":0,"201":0,"203":0,"206":1,"207":0,"209":0,"210":0,"213":0,"216":1,"217":0,"218":0,"220":0,"221":0,"222":0,"225":0,"226":0,"227":0,"228":0,"229":0,"232":0,"235":1}},"/home/travis/build/npmtest/node-npmtest-anyfs/node_modules/anyfs/lib/test.js":{"path":"/home/travis/build/npmtest/node-npmtest-anyfs/node_modules/anyfs/lib/test.js","s":{"1":1,"2":1,"3":1,"4":1,"5":1,"6":1,"7":0,"8":0,"9":0,"10":0,"11":0},"b":{"1":[0,0],"2":[0,0]},"f":{"1":0},"fnMap":{"1":{"name":"(anonymous_1)","line":8,"loc":{"start":{"line":8,"column":17},"end":{"line":8,"column":39}}}},"statementMap":{"1":{"start":{"line":2,"column":0},"end":{"line":2,"column":27}},"2":{"start":{"line":3,"column":0},"end":{"line":3,"column":40}},"3":{"start":{"line":4,"column":0},"end":{"line":4,"column":40}},"4":{"start":{"line":5,"column":0},"end":{"line":5,"column":31}},"5":{"start":{"line":6,"column":0},"end":{"line":6,"column":34}},"6":{"start":{"line":8,"column":0},"end":{"line":16,"column":2}},"7":{"start":{"line":9,"column":4},"end":{"line":9,"column":28}},"8":{"start":{"line":10,"column":4},"end":{"line":10,"column":34}},"9":{"start":{"line":11,"column":4},"end":{"line":15,"column":5}},"10":{"start":{"line":12,"column":8},"end":{"line":14,"column":9}},"11":{"start":{"line":13,"column":12},"end":{"line":13,"column":41}}},"branchMap":{"1":{"line":9,"type":"binary-expr","locations":[{"start":{"line":9,"column":14},"end":{"line":9,"column":21}},{"start":{"line":9,"column":25},"end":{"line":9,"column":27}}]},"2":{"line":12,"type":"if","locations":[{"start":{"line":12,"column":8},"end":{"line":12,"column":8}},{"start":{"line":12,"column":8},"end":{"line":12,"column":8}}]}},"code":["'use strict';","var when = require('when');","var sequence = require('when/sequence');","var parallel = require('when/parallel');","var should = require('should');","var through = require('through2');","","module.exports = function(fs, options) {","    options = options || {};","    var plugins = fs.getPlugins();","    for (var i = 0; i < plugins.length; i++) {","        if (plugins[i].test) {","            plugins[i].test(fs, options);","        }","    }","};"],"l":{"2":1,"3":1,"4":1,"5":1,"6":1,"8":1,"9":0,"10":0,"11":0,"12":0,"13":0}}}